2022-09-30 10:48:21,047 ERROR 367 [-/undefined/-/1826ms GET /] nodejs.SyntaxError: Unexpected token 'o', "[object Promise]" is not valid JSON
    at JSON.parse (<anonymous>)
    at HomeService.seaportFunction (/home/projects/webcontainer-egg-ct8fkp/app/service/home.js:36:36)
    at async HomeService.getOpenseaData (/home/projects/webcontainer-egg-ct8fkp/app/service/home.js:26:12)
    at async HomeController.index (/home/projects/webcontainer-egg-ct8fkp/app/controller/home.js:6:18)
    at async eval (/home/projects/webcontainer-egg-ct8fkp/node_modules/egg-development/app/middleware/egg_loader_trace.js:9:50)
    at async xssProtection (/home/projects/webcontainer-egg-ct8fkp/node_modules/egg-security/lib/middlewares/xssProtection.js:7:5)
    at async nosniff (/home/projects/webcontainer-egg-ct8fkp/node_modules/egg-security/lib/middlewares/nosniff.js:8:5)
    at async noopen (/home/projects/webcontainer-egg-ct8fkp/node_modules/egg-security/lib/middlewares/noopen.js:8:5)
    at async session (/home/projects/webcontainer-egg-ct8fkp/node_modules/koa-session/index.js:41:7)
    at async bodyParser (/home/projects/webcontainer-egg-ct8fkp/node_modules/koa-bodyparser/index.js:95:5)

pid: 367
hostname: webcontainer-egg-ct8fkp

2022-09-30 12:57:35,877 ERROR 407 [-/undefined/-/2823ms GET /] nodejs.TypeError: Property description must be an object: 207623
    at _0x57f34d.create (<anonymous>)
    at HomeService.seaportFunction (/home/projects/webcontainer-egg-ct8fkp/app/service/home.js:41:19)
    at async HomeService.getOpenseaData (/home/projects/webcontainer-egg-ct8fkp/app/service/home.js:26:12)
    at async HomeController.index (/home/projects/webcontainer-egg-ct8fkp/app/controller/home.js:6:18)
    at async eval (/home/projects/webcontainer-egg-ct8fkp/node_modules/egg-development/app/middleware/egg_loader_trace.js:9:50)
    at async xssProtection (/home/projects/webcontainer-egg-ct8fkp/node_modules/egg-security/lib/middlewares/xssProtection.js:7:5)
    at async nosniff (/home/projects/webcontainer-egg-ct8fkp/node_modules/egg-security/lib/middlewares/nosniff.js:8:5)
    at async noopen (/home/projects/webcontainer-egg-ct8fkp/node_modules/egg-security/lib/middlewares/noopen.js:8:5)
    at async session (/home/projects/webcontainer-egg-ct8fkp/node_modules/koa-session/index.js:41:7)
    at async bodyParser (/home/projects/webcontainer-egg-ct8fkp/node_modules/koa-bodyparser/index.js:95:5)

pid: 407
hostname: webcontainer-egg-ct8fkp

2022-09-30 12:59:54,053 ERROR 419 [-/undefined/-/2700ms GET /] nodejs.TypeError: Method Promise.prototype.then called on incompatible receiver #<Promise>
    at Promise.then (<anonymous>)

pid: 419
hostname: webcontainer-egg-ct8fkp

2022-09-30 13:00:48,278 ERROR 423 [-/undefined/-/1995ms GET /] nodejs.TypeError: Object.assing is not a function
    at HomeService.seaportFunction (/home/projects/webcontainer-egg-ct8fkp/app/service/home.js:41:19)
    at async HomeService.getOpenseaData (/home/projects/webcontainer-egg-ct8fkp/app/service/home.js:26:12)
    at async HomeController.index (/home/projects/webcontainer-egg-ct8fkp/app/controller/home.js:6:18)
    at async eval (/home/projects/webcontainer-egg-ct8fkp/node_modules/egg-development/app/middleware/egg_loader_trace.js:9:50)
    at async xssProtection (/home/projects/webcontainer-egg-ct8fkp/node_modules/egg-security/lib/middlewares/xssProtection.js:7:5)
    at async nosniff (/home/projects/webcontainer-egg-ct8fkp/node_modules/egg-security/lib/middlewares/nosniff.js:8:5)
    at async noopen (/home/projects/webcontainer-egg-ct8fkp/node_modules/egg-security/lib/middlewares/noopen.js:8:5)
    at async session (/home/projects/webcontainer-egg-ct8fkp/node_modules/koa-session/index.js:41:7)
    at async bodyParser (/home/projects/webcontainer-egg-ct8fkp/node_modules/koa-bodyparser/index.js:95:5)
    at async eval (/home/projects/webcontainer-egg-ct8fkp/node_modules/koa-static-cache/index.js:41:56)

pid: 423
hostname: webcontainer-egg-ct8fkp

