2022-10-11 00:19:06,526 INFO 63 [egg-logrotator] app logger reload: got log-reload message
2022-10-11 04:55:58,040 INFO 63 [-/127.0.0.1/-/237ms SCHEDULE /__schedule?path=/home/projects/webcontainer-egg-ct8fkp/node_modules/egg-multipart/app/schedule/clean_tmpdir.js&type=worker&cron=0%2030%204%20*%20*%20*&disable=false&immediate=false] [egg-multipart:CleanTmpdir] start clean tmpdir: "/tmp/egg-multipart-tmp/webcontainer-egg"
2022-10-11 04:55:58,575 INFO 63 [-/127.0.0.1/-/782ms SCHEDULE /__schedule?path=/home/projects/webcontainer-egg-ct8fkp/node_modules/egg-multipart/app/schedule/clean_tmpdir.js&type=worker&cron=0%2030%204%20*%20*%20*&disable=false&immediate=false] [egg-multipart:CleanTmpdir] end
2022-10-11 09:39:48,221 INFO 67 [egg:logger] init all loggers with options: {"dir":"/home/projects/webcontainer-egg-ct8fkp/logs/webcontainer-egg","encoding":"utf8","env":"local","level":"INFO","consoleLevel":"INFO","disableConsoleAfterReady":false,"outputJSON":false,"buffer":true,"appLogName":"webcontainer-egg-web.log","coreLogName":"egg-web.log","agentLogName":"egg-agent.log","errorLogName":"common-error.log","coreLogger":{"consoleLevel":"WARN"},"allowDebugAtProd":false,"enablePerformanceTimer":false,"type":"application"}
2022-10-11 09:39:48,233 INFO 67 [egg-multipart] stream mode enable
2022-10-11 09:39:51,684 INFO 67 [egg-static] starting static serve /public/ -> /home/projects/webcontainer-egg-ct8fkp/app/public
2022-10-11 09:39:51,691 INFO 67 [egg-security] use csrf middleware
2022-10-11 09:39:51,694 INFO 67 [egg-security] use methodnoallow middleware
2022-10-11 09:39:51,695 INFO 67 [egg-security] use noopen middleware
2022-10-11 09:39:51,695 INFO 67 [egg-security] use nosniff middleware
2022-10-11 09:39:51,696 INFO 67 [egg-security] use xssProtection middleware
2022-10-11 09:39:51,696 INFO 67 [egg-security] use dta middleware
2022-10-11 09:39:51,696 INFO 67 [egg-security] compose 6 middlewares into one security middleware
2022-10-11 09:39:51,727 INFO 67 [egg:core] dump config after load, 27ms
2022-10-11 09:39:51,728 INFO 67 [egg-watcher:application] watcher start success
2022-10-11 09:39:51,738 INFO 67 [egg:core] dump config after ready, 7ms
2022-10-11 09:44:04,295 INFO 71 [egg:logger] init all loggers with options: {"dir":"/home/projects/webcontainer-egg-ct8fkp/logs/webcontainer-egg","encoding":"utf8","env":"local","level":"INFO","consoleLevel":"INFO","disableConsoleAfterReady":false,"outputJSON":false,"buffer":true,"appLogName":"webcontainer-egg-web.log","coreLogName":"egg-web.log","agentLogName":"egg-agent.log","errorLogName":"common-error.log","coreLogger":{"consoleLevel":"WARN"},"allowDebugAtProd":false,"enablePerformanceTimer":false,"type":"application"}
2022-10-11 09:44:04,568 INFO 71 [egg-multipart] stream mode enable
2022-10-11 09:44:07,514 INFO 71 [egg-static] starting static serve /public/ -> /home/projects/webcontainer-egg-ct8fkp/app/public
2022-10-11 09:44:07,517 INFO 71 [egg-security] use csrf middleware
2022-10-11 09:44:07,518 INFO 71 [egg-security] use methodnoallow middleware
2022-10-11 09:44:07,519 INFO 71 [egg-security] use noopen middleware
2022-10-11 09:44:07,520 INFO 71 [egg-security] use nosniff middleware
2022-10-11 09:44:07,520 INFO 71 [egg-security] use xssProtection middleware
2022-10-11 09:44:07,520 INFO 71 [egg-security] use dta middleware
2022-10-11 09:44:07,520 INFO 71 [egg-security] compose 6 middlewares into one security middleware
2022-10-11 09:44:07,594 INFO 71 [egg:core] dump config after load, 26ms
2022-10-11 09:44:07,595 INFO 71 [egg-watcher:application] watcher start success
2022-10-11 09:44:07,883 INFO 71 [egg:core] dump config after ready, 5ms
2022-10-11 09:45:28,384 INFO 75 [egg:logger] init all loggers with options: {"dir":"/home/projects/webcontainer-egg-ct8fkp/logs/webcontainer-egg","encoding":"utf8","env":"local","level":"INFO","consoleLevel":"INFO","disableConsoleAfterReady":false,"outputJSON":false,"buffer":true,"appLogName":"webcontainer-egg-web.log","coreLogName":"egg-web.log","agentLogName":"egg-agent.log","errorLogName":"common-error.log","coreLogger":{"consoleLevel":"WARN"},"allowDebugAtProd":false,"enablePerformanceTimer":false,"type":"application"}
2022-10-11 09:45:28,397 INFO 75 [egg-multipart] stream mode enable
2022-10-11 09:45:31,080 INFO 75 [egg-static] starting static serve /public/ -> /home/projects/webcontainer-egg-ct8fkp/app/public
2022-10-11 09:45:31,096 INFO 75 [egg-security] use csrf middleware
2022-10-11 09:45:31,097 INFO 75 [egg-security] use methodnoallow middleware
2022-10-11 09:45:31,098 INFO 75 [egg-security] use noopen middleware
2022-10-11 09:45:31,147 INFO 75 [egg-security] use nosniff middleware
2022-10-11 09:45:31,148 INFO 75 [egg-security] use xssProtection middleware
2022-10-11 09:45:31,148 INFO 75 [egg-security] use dta middleware
2022-10-11 09:45:31,148 INFO 75 [egg-security] compose 6 middlewares into one security middleware
2022-10-11 09:45:31,163 INFO 75 [egg:core] dump config after load, 11ms
2022-10-11 09:45:31,164 INFO 75 [egg-watcher:application] watcher start success
2022-10-11 09:45:31,351 INFO 75 [egg:core] dump config after ready, 5ms
2022-10-11 09:46:02,360 INFO 79 [egg:logger] init all loggers with options: {"dir":"/home/projects/webcontainer-egg-ct8fkp/logs/webcontainer-egg","encoding":"utf8","env":"local","level":"INFO","consoleLevel":"INFO","disableConsoleAfterReady":false,"outputJSON":false,"buffer":true,"appLogName":"webcontainer-egg-web.log","coreLogName":"egg-web.log","agentLogName":"egg-agent.log","errorLogName":"common-error.log","coreLogger":{"consoleLevel":"WARN"},"allowDebugAtProd":false,"enablePerformanceTimer":false,"type":"application"}
2022-10-11 09:46:02,382 INFO 79 [egg-multipart] stream mode enable
2022-10-11 09:46:05,062 INFO 79 [egg-static] starting static serve /public/ -> /home/projects/webcontainer-egg-ct8fkp/app/public
2022-10-11 09:46:05,064 INFO 79 [egg-security] use csrf middleware
2022-10-11 09:46:05,144 INFO 79 [egg-security] use methodnoallow middleware
2022-10-11 09:46:05,144 INFO 79 [egg-security] use noopen middleware
2022-10-11 09:46:05,145 INFO 79 [egg-security] use nosniff middleware
2022-10-11 09:46:05,145 INFO 79 [egg-security] use xssProtection middleware
2022-10-11 09:46:05,146 INFO 79 [egg-security] use dta middleware
2022-10-11 09:46:05,146 INFO 79 [egg-security] compose 6 middlewares into one security middleware
2022-10-11 09:46:05,160 INFO 79 [egg:core] dump config after load, 11ms
2022-10-11 09:46:05,161 INFO 79 [egg-watcher:application] watcher start success
2022-10-11 09:46:05,399 INFO 79 [egg:core] dump config after ready, 145ms
2022-10-11 09:49:01,484 INFO 83 [egg:logger] init all loggers with options: {"dir":"/home/projects/webcontainer-egg-ct8fkp/logs/webcontainer-egg","encoding":"utf8","env":"local","level":"INFO","consoleLevel":"INFO","disableConsoleAfterReady":false,"outputJSON":false,"buffer":true,"appLogName":"webcontainer-egg-web.log","coreLogName":"egg-web.log","agentLogName":"egg-agent.log","errorLogName":"common-error.log","coreLogger":{"consoleLevel":"WARN"},"allowDebugAtProd":false,"enablePerformanceTimer":false,"type":"application"}
2022-10-11 09:49:01,494 INFO 83 [egg-multipart] stream mode enable
2022-10-11 09:49:04,363 INFO 83 [egg-static] starting static serve /public/ -> /home/projects/webcontainer-egg-ct8fkp/app/public
2022-10-11 09:49:04,417 INFO 83 [egg-security] use csrf middleware
2022-10-11 09:49:04,418 INFO 83 [egg-security] use methodnoallow middleware
2022-10-11 09:49:04,419 INFO 83 [egg-security] use noopen middleware
2022-10-11 09:49:04,420 INFO 83 [egg-security] use nosniff middleware
2022-10-11 09:49:04,421 INFO 83 [egg-security] use xssProtection middleware
2022-10-11 09:49:04,421 INFO 83 [egg-security] use dta middleware
2022-10-11 09:49:04,421 INFO 83 [egg-security] compose 6 middlewares into one security middleware
2022-10-11 09:49:04,497 INFO 83 [egg:core] dump config after load, 73ms
2022-10-11 09:49:04,501 INFO 83 [egg-watcher:application] watcher start success
2022-10-11 09:49:04,631 INFO 83 [egg:core] dump config after ready, 12ms
2022-10-11 09:49:43,066 INFO 87 [egg:logger] init all loggers with options: {"dir":"/home/projects/webcontainer-egg-ct8fkp/logs/webcontainer-egg","encoding":"utf8","env":"local","level":"INFO","consoleLevel":"INFO","disableConsoleAfterReady":false,"outputJSON":false,"buffer":true,"appLogName":"webcontainer-egg-web.log","coreLogName":"egg-web.log","agentLogName":"egg-agent.log","errorLogName":"common-error.log","coreLogger":{"consoleLevel":"WARN"},"allowDebugAtProd":false,"enablePerformanceTimer":false,"type":"application"}
2022-10-11 09:49:43,123 INFO 87 [egg-multipart] stream mode enable
2022-10-11 09:49:45,820 INFO 87 [egg-static] starting static serve /public/ -> /home/projects/webcontainer-egg-ct8fkp/app/public
2022-10-11 09:49:45,823 INFO 87 [egg-security] use csrf middleware
2022-10-11 09:49:45,824 INFO 87 [egg-security] use methodnoallow middleware
2022-10-11 09:49:45,874 INFO 87 [egg-security] use noopen middleware
2022-10-11 09:49:45,878 INFO 87 [egg-security] use nosniff middleware
2022-10-11 09:49:45,880 INFO 87 [egg-security] use xssProtection middleware
2022-10-11 09:49:45,880 INFO 87 [egg-security] use dta middleware
2022-10-11 09:49:45,880 INFO 87 [egg-security] compose 6 middlewares into one security middleware
2022-10-11 09:49:45,916 INFO 87 [egg:core] dump config after load, 32ms
2022-10-11 09:49:46,033 INFO 87 [egg-watcher:application] watcher start success
2022-10-11 09:49:46,180 INFO 87 [egg:core] dump config after ready, 7ms
2022-10-11 09:51:30,747 INFO 91 [egg:logger] init all loggers with options: {"dir":"/home/projects/webcontainer-egg-ct8fkp/logs/webcontainer-egg","encoding":"utf8","env":"local","level":"INFO","consoleLevel":"INFO","disableConsoleAfterReady":false,"outputJSON":false,"buffer":true,"appLogName":"webcontainer-egg-web.log","coreLogName":"egg-web.log","agentLogName":"egg-agent.log","errorLogName":"common-error.log","coreLogger":{"consoleLevel":"WARN"},"allowDebugAtProd":false,"enablePerformanceTimer":false,"type":"application"}
2022-10-11 09:51:30,756 INFO 91 [egg-multipart] stream mode enable
2022-10-11 09:51:34,017 INFO 91 [egg-static] starting static serve /public/ -> /home/projects/webcontainer-egg-ct8fkp/app/public
2022-10-11 09:51:34,109 INFO 91 [egg-security] use csrf middleware
2022-10-11 09:51:34,113 INFO 91 [egg-security] use methodnoallow middleware
2022-10-11 09:51:34,113 INFO 91 [egg-security] use noopen middleware
2022-10-11 09:51:34,114 INFO 91 [egg-security] use nosniff middleware
2022-10-11 09:51:34,114 INFO 91 [egg-security] use xssProtection middleware
2022-10-11 09:51:34,116 INFO 91 [egg-security] use dta middleware
2022-10-11 09:51:34,116 INFO 91 [egg-security] compose 6 middlewares into one security middleware
2022-10-11 09:51:34,136 INFO 91 [egg:core] dump config after load, 13ms
2022-10-11 09:51:34,137 INFO 91 [egg-watcher:application] watcher start success
2022-10-11 09:51:34,375 INFO 91 [egg:core] dump config after ready, 7ms
2022-10-11 09:57:47,210 INFO 95 [egg:logger] init all loggers with options: {"dir":"/home/projects/webcontainer-egg-ct8fkp/logs/webcontainer-egg","encoding":"utf8","env":"local","level":"INFO","consoleLevel":"INFO","disableConsoleAfterReady":false,"outputJSON":false,"buffer":true,"appLogName":"webcontainer-egg-web.log","coreLogName":"egg-web.log","agentLogName":"egg-agent.log","errorLogName":"common-error.log","coreLogger":{"consoleLevel":"WARN"},"allowDebugAtProd":false,"enablePerformanceTimer":false,"type":"application"}
2022-10-11 09:57:47,323 INFO 95 [egg-multipart] stream mode enable
2022-10-11 09:57:50,649 INFO 95 [egg-static] starting static serve /public/ -> /home/projects/webcontainer-egg-ct8fkp/app/public
2022-10-11 09:57:50,680 INFO 95 [egg-security] use csrf middleware
2022-10-11 09:57:50,795 INFO 95 [egg-security] use methodnoallow middleware
2022-10-11 09:57:50,796 INFO 95 [egg-security] use noopen middleware
2022-10-11 09:57:50,797 INFO 95 [egg-security] use nosniff middleware
2022-10-11 09:57:50,837 INFO 95 [egg-security] use xssProtection middleware
2022-10-11 09:57:50,853 INFO 95 [egg-security] use dta middleware
2022-10-11 09:57:50,853 INFO 95 [egg-security] compose 6 middlewares into one security middleware
2022-10-11 09:57:50,903 INFO 95 [egg:core] dump config after load, 38ms
2022-10-11 09:57:50,906 INFO 95 [egg-watcher:application] watcher start success
2022-10-11 09:57:50,964 INFO 95 [egg:core] dump config after ready, 21ms
2022-10-12 10:00:45,054 INFO 6 [egg:logger] init all loggers with options: {"dir":"/home/projects/webcontainer-egg-ct8fkp/logs/webcontainer-egg","encoding":"utf8","env":"local","level":"INFO","consoleLevel":"INFO","disableConsoleAfterReady":false,"outputJSON":false,"buffer":true,"appLogName":"webcontainer-egg-web.log","coreLogName":"egg-web.log","agentLogName":"egg-agent.log","errorLogName":"common-error.log","coreLogger":{"consoleLevel":"WARN"},"allowDebugAtProd":false,"enablePerformanceTimer":false,"type":"application"}
2022-10-12 10:00:45,117 INFO 6 [egg-multipart] stream mode enable
2022-10-12 10:00:47,554 INFO 6 [egg-static] starting static serve /public/ -> /home/projects/webcontainer-egg-ct8fkp/app/public
2022-10-12 10:00:47,559 INFO 6 [egg-security] use csrf middleware
2022-10-12 10:00:47,560 INFO 6 [egg-security] use methodnoallow middleware
2022-10-12 10:00:47,560 INFO 6 [egg-security] use noopen middleware
2022-10-12 10:00:47,561 INFO 6 [egg-security] use nosniff middleware
2022-10-12 10:00:47,561 INFO 6 [egg-security] use xssProtection middleware
2022-10-12 10:00:47,562 INFO 6 [egg-security] use dta middleware
2022-10-12 10:00:47,562 INFO 6 [egg-security] compose 6 middlewares into one security middleware
2022-10-12 10:00:47,593 INFO 6 [egg:core] dump config after load, 27ms
2022-10-12 10:00:47,593 INFO 6 [egg-watcher:application] watcher start success
2022-10-12 10:00:47,602 INFO 6 [egg:core] dump config after ready, 4ms
2022-10-12 10:02:35,631 INFO 10 [egg:logger] init all loggers with options: {"dir":"/home/projects/webcontainer-egg-ct8fkp/logs/webcontainer-egg","encoding":"utf8","env":"local","level":"INFO","consoleLevel":"INFO","disableConsoleAfterReady":false,"outputJSON":false,"buffer":true,"appLogName":"webcontainer-egg-web.log","coreLogName":"egg-web.log","agentLogName":"egg-agent.log","errorLogName":"common-error.log","coreLogger":{"consoleLevel":"WARN"},"allowDebugAtProd":false,"enablePerformanceTimer":false,"type":"application"}
2022-10-12 10:02:35,642 INFO 10 [egg-multipart] stream mode enable
2022-10-12 10:02:36,471 INFO 10 [egg-static] starting static serve /public/ -> /home/projects/webcontainer-egg-ct8fkp/app/public
2022-10-12 10:02:36,473 INFO 10 [egg-security] use csrf middleware
2022-10-12 10:02:36,473 INFO 10 [egg-security] use methodnoallow middleware
2022-10-12 10:02:36,474 INFO 10 [egg-security] use noopen middleware
2022-10-12 10:02:36,483 INFO 10 [egg-security] use nosniff middleware
2022-10-12 10:02:36,484 INFO 10 [egg-security] use xssProtection middleware
2022-10-12 10:02:36,484 INFO 10 [egg-security] use dta middleware
2022-10-12 10:02:36,484 INFO 10 [egg-security] compose 6 middlewares into one security middleware
2022-10-12 10:02:36,492 INFO 10 [egg:core] dump config after load, 5ms
2022-10-12 10:02:36,493 INFO 10 [egg-watcher:application] watcher start success
2022-10-12 10:02:36,517 INFO 10 [egg:core] dump config after ready, 13ms
2022-10-12 10:03:13,268 INFO 14 [egg:logger] init all loggers with options: {"dir":"/home/projects/webcontainer-egg-ct8fkp/logs/webcontainer-egg","encoding":"utf8","env":"local","level":"INFO","consoleLevel":"INFO","disableConsoleAfterReady":false,"outputJSON":false,"buffer":true,"appLogName":"webcontainer-egg-web.log","coreLogName":"egg-web.log","agentLogName":"egg-agent.log","errorLogName":"common-error.log","coreLogger":{"consoleLevel":"WARN"},"allowDebugAtProd":false,"enablePerformanceTimer":false,"type":"application"}
2022-10-12 10:03:13,286 INFO 14 [egg-multipart] stream mode enable
2022-10-12 10:03:14,156 INFO 14 [egg-static] starting static serve /public/ -> /home/projects/webcontainer-egg-ct8fkp/app/public
2022-10-12 10:03:14,162 INFO 14 [egg-security] use csrf middleware
2022-10-12 10:03:14,163 INFO 14 [egg-security] use methodnoallow middleware
2022-10-12 10:03:14,163 INFO 14 [egg-security] use noopen middleware
2022-10-12 10:03:14,165 INFO 14 [egg-security] use nosniff middleware
2022-10-12 10:03:14,165 INFO 14 [egg-security] use xssProtection middleware
2022-10-12 10:03:14,165 INFO 14 [egg-security] use dta middleware
2022-10-12 10:03:14,165 INFO 14 [egg-security] compose 6 middlewares into one security middleware
2022-10-12 10:03:14,193 INFO 14 [egg:core] dump config after load, 24ms
2022-10-12 10:03:14,194 INFO 14 [egg-watcher:application] watcher start success
2022-10-12 10:03:14,215 INFO 14 [egg:core] dump config after ready, 13ms
2022-10-12 10:04:59,707 INFO 18 [egg:logger] init all loggers with options: {"dir":"/home/projects/webcontainer-egg-ct8fkp/logs/webcontainer-egg","encoding":"utf8","env":"local","level":"INFO","consoleLevel":"INFO","disableConsoleAfterReady":false,"outputJSON":false,"buffer":true,"appLogName":"webcontainer-egg-web.log","coreLogName":"egg-web.log","agentLogName":"egg-agent.log","errorLogName":"common-error.log","coreLogger":{"consoleLevel":"WARN"},"allowDebugAtProd":false,"enablePerformanceTimer":false,"type":"application"}
2022-10-12 10:04:59,731 INFO 18 [egg-multipart] stream mode enable
2022-10-12 10:05:00,603 INFO 18 [egg-static] starting static serve /public/ -> /home/projects/webcontainer-egg-ct8fkp/app/public
2022-10-12 10:05:00,605 INFO 18 [egg-security] use csrf middleware
2022-10-12 10:05:00,606 INFO 18 [egg-security] use methodnoallow middleware
2022-10-12 10:05:00,617 INFO 18 [egg-security] use noopen middleware
2022-10-12 10:05:00,618 INFO 18 [egg-security] use nosniff middleware
2022-10-12 10:05:00,618 INFO 18 [egg-security] use xssProtection middleware
2022-10-12 10:05:00,618 INFO 18 [egg-security] use dta middleware
2022-10-12 10:05:00,618 INFO 18 [egg-security] compose 6 middlewares into one security middleware
2022-10-12 10:05:00,653 INFO 18 [egg:core] dump config after load, 32ms
2022-10-12 10:05:00,654 INFO 18 [egg-watcher:application] watcher start success
2022-10-12 10:05:00,664 INFO 18 [egg:core] dump config after ready, 6ms
2022-10-12 10:30:40,550 INFO 22 [egg:logger] init all loggers with options: {"dir":"/home/projects/webcontainer-egg-ct8fkp/logs/webcontainer-egg","encoding":"utf8","env":"local","level":"INFO","consoleLevel":"INFO","disableConsoleAfterReady":false,"outputJSON":false,"buffer":true,"appLogName":"webcontainer-egg-web.log","coreLogName":"egg-web.log","agentLogName":"egg-agent.log","errorLogName":"common-error.log","coreLogger":{"consoleLevel":"WARN"},"allowDebugAtProd":false,"enablePerformanceTimer":false,"type":"application"}
2022-10-12 10:30:40,569 INFO 22 [egg-multipart] stream mode enable
2022-10-12 10:30:42,195 INFO 22 [egg-static] starting static serve /public/ -> /home/projects/webcontainer-egg-ct8fkp/app/public
2022-10-12 10:30:42,197 INFO 22 [egg-security] use csrf middleware
2022-10-12 10:30:42,198 INFO 22 [egg-security] use methodnoallow middleware
2022-10-12 10:30:42,200 INFO 22 [egg-security] use noopen middleware
2022-10-12 10:30:42,200 INFO 22 [egg-security] use nosniff middleware
2022-10-12 10:30:42,200 INFO 22 [egg-security] use xssProtection middleware
2022-10-12 10:30:42,201 INFO 22 [egg-security] use dta middleware
2022-10-12 10:30:42,201 INFO 22 [egg-security] compose 6 middlewares into one security middleware
2022-10-12 10:30:42,217 INFO 22 [egg:core] dump config after load, 12ms
2022-10-12 10:30:42,218 INFO 22 [egg-watcher:application] watcher start success
2022-10-12 10:30:42,227 INFO 22 [egg:core] dump config after ready, 6ms
2022-10-12 10:31:12,021 INFO 26 [egg:logger] init all loggers with options: {"dir":"/home/projects/webcontainer-egg-ct8fkp/logs/webcontainer-egg","encoding":"utf8","env":"local","level":"INFO","consoleLevel":"INFO","disableConsoleAfterReady":false,"outputJSON":false,"buffer":true,"appLogName":"webcontainer-egg-web.log","coreLogName":"egg-web.log","agentLogName":"egg-agent.log","errorLogName":"common-error.log","coreLogger":{"consoleLevel":"WARN"},"allowDebugAtProd":false,"enablePerformanceTimer":false,"type":"application"}
2022-10-12 10:31:12,084 INFO 26 [egg-multipart] stream mode enable
2022-10-12 10:31:13,355 INFO 26 [egg-static] starting static serve /public/ -> /home/projects/webcontainer-egg-ct8fkp/app/public
2022-10-12 10:31:13,362 INFO 26 [egg-security] use csrf middleware
2022-10-12 10:31:13,363 INFO 26 [egg-security] use methodnoallow middleware
2022-10-12 10:31:13,363 INFO 26 [egg-security] use noopen middleware
2022-10-12 10:31:13,366 INFO 26 [egg-security] use nosniff middleware
2022-10-12 10:31:13,367 INFO 26 [egg-security] use xssProtection middleware
2022-10-12 10:31:13,368 INFO 26 [egg-security] use dta middleware
2022-10-12 10:31:13,368 INFO 26 [egg-security] compose 6 middlewares into one security middleware
2022-10-12 10:31:13,395 INFO 26 [egg:core] dump config after load, 23ms
2022-10-12 10:31:13,400 INFO 26 [egg-watcher:application] watcher start success
2022-10-12 10:31:13,419 INFO 26 [egg:core] dump config after ready, 7ms
2022-10-12 10:32:04,827 INFO 30 [egg:logger] init all loggers with options: {"dir":"/home/projects/webcontainer-egg-ct8fkp/logs/webcontainer-egg","encoding":"utf8","env":"local","level":"INFO","consoleLevel":"INFO","disableConsoleAfterReady":false,"outputJSON":false,"buffer":true,"appLogName":"webcontainer-egg-web.log","coreLogName":"egg-web.log","agentLogName":"egg-agent.log","errorLogName":"common-error.log","coreLogger":{"consoleLevel":"WARN"},"allowDebugAtProd":false,"enablePerformanceTimer":false,"type":"application"}
2022-10-12 10:32:04,843 INFO 30 [egg-multipart] stream mode enable
2022-10-12 10:32:07,028 INFO 30 [egg-static] starting static serve /public/ -> /home/projects/webcontainer-egg-ct8fkp/app/public
2022-10-12 10:32:07,030 INFO 30 [egg-security] use csrf middleware
2022-10-12 10:32:07,033 INFO 30 [egg-security] use methodnoallow middleware
2022-10-12 10:32:07,033 INFO 30 [egg-security] use noopen middleware
2022-10-12 10:32:07,202 INFO 30 [egg-security] use nosniff middleware
2022-10-12 10:32:07,203 INFO 30 [egg-security] use xssProtection middleware
2022-10-12 10:32:07,203 INFO 30 [egg-security] use dta middleware
2022-10-12 10:32:07,203 INFO 30 [egg-security] compose 6 middlewares into one security middleware
2022-10-12 10:32:07,228 INFO 30 [egg:core] dump config after load, 18ms
2022-10-12 10:32:07,229 INFO 30 [egg-watcher:application] watcher start success
2022-10-12 10:32:07,261 INFO 30 [egg:core] dump config after ready, 25ms
2022-10-12 10:32:32,206 INFO 34 [egg:logger] init all loggers with options: {"dir":"/home/projects/webcontainer-egg-ct8fkp/logs/webcontainer-egg","encoding":"utf8","env":"local","level":"INFO","consoleLevel":"INFO","disableConsoleAfterReady":false,"outputJSON":false,"buffer":true,"appLogName":"webcontainer-egg-web.log","coreLogName":"egg-web.log","agentLogName":"egg-agent.log","errorLogName":"common-error.log","coreLogger":{"consoleLevel":"WARN"},"allowDebugAtProd":false,"enablePerformanceTimer":false,"type":"application"}
2022-10-12 10:32:32,213 INFO 34 [egg-multipart] stream mode enable
2022-10-12 10:32:34,161 INFO 34 [egg-static] starting static serve /public/ -> /home/projects/webcontainer-egg-ct8fkp/app/public
2022-10-12 10:32:34,169 INFO 34 [egg-security] use csrf middleware
2022-10-12 10:32:34,169 INFO 34 [egg-security] use methodnoallow middleware
2022-10-12 10:32:34,175 INFO 34 [egg-security] use noopen middleware
2022-10-12 10:32:34,176 INFO 34 [egg-security] use nosniff middleware
2022-10-12 10:32:34,176 INFO 34 [egg-security] use xssProtection middleware
2022-10-12 10:32:34,176 INFO 34 [egg-security] use dta middleware
2022-10-12 10:32:34,176 INFO 34 [egg-security] compose 6 middlewares into one security middleware
2022-10-12 10:32:34,192 INFO 34 [egg:core] dump config after load, 11ms
2022-10-12 10:32:34,193 INFO 34 [egg-watcher:application] watcher start success
2022-10-12 10:32:34,202 INFO 34 [egg:core] dump config after ready, 6ms
2022-10-12 10:40:53,400 INFO 38 [egg:logger] init all loggers with options: {"dir":"/home/projects/webcontainer-egg-ct8fkp/logs/webcontainer-egg","encoding":"utf8","env":"local","level":"INFO","consoleLevel":"INFO","disableConsoleAfterReady":false,"outputJSON":false,"buffer":true,"appLogName":"webcontainer-egg-web.log","coreLogName":"egg-web.log","agentLogName":"egg-agent.log","errorLogName":"common-error.log","coreLogger":{"consoleLevel":"WARN"},"allowDebugAtProd":false,"enablePerformanceTimer":false,"type":"application"}
2022-10-12 10:40:53,489 INFO 38 [egg-multipart] stream mode enable
2022-10-12 10:40:56,559 INFO 38 [egg-static] starting static serve /public/ -> /home/projects/webcontainer-egg-ct8fkp/app/public
2022-10-12 10:40:56,564 INFO 38 [egg-security] use csrf middleware
2022-10-12 10:40:56,565 INFO 38 [egg-security] use methodnoallow middleware
2022-10-12 10:40:56,566 INFO 38 [egg-security] use noopen middleware
2022-10-12 10:40:56,567 INFO 38 [egg-security] use nosniff middleware
2022-10-12 10:40:56,568 INFO 38 [egg-security] use xssProtection middleware
2022-10-12 10:40:56,568 INFO 38 [egg-security] use dta middleware
2022-10-12 10:40:56,568 INFO 38 [egg-security] compose 6 middlewares into one security middleware
2022-10-12 10:40:56,588 INFO 38 [egg:core] dump config after load, 16ms
2022-10-12 10:40:56,590 INFO 38 [egg-watcher:application] watcher start success
2022-10-12 10:40:56,604 INFO 38 [egg:core] dump config after ready, 7ms
2022-10-12 10:48:14,097 INFO 42 [egg:logger] init all loggers with options: {"dir":"/home/projects/webcontainer-egg-ct8fkp/logs/webcontainer-egg","encoding":"utf8","env":"local","level":"INFO","consoleLevel":"INFO","disableConsoleAfterReady":false,"outputJSON":false,"buffer":true,"appLogName":"webcontainer-egg-web.log","coreLogName":"egg-web.log","agentLogName":"egg-agent.log","errorLogName":"common-error.log","coreLogger":{"consoleLevel":"WARN"},"allowDebugAtProd":false,"enablePerformanceTimer":false,"type":"application"}
2022-10-12 10:48:14,170 INFO 42 [egg-multipart] stream mode enable
2022-10-12 10:48:17,241 INFO 42 [egg-static] starting static serve /public/ -> /home/projects/webcontainer-egg-ct8fkp/app/public
2022-10-12 10:48:17,244 INFO 42 [egg-security] use csrf middleware
2022-10-12 10:48:17,245 INFO 42 [egg-security] use methodnoallow middleware
2022-10-12 10:48:17,245 INFO 42 [egg-security] use noopen middleware
2022-10-12 10:48:17,246 INFO 42 [egg-security] use nosniff middleware
2022-10-12 10:48:17,246 INFO 42 [egg-security] use xssProtection middleware
2022-10-12 10:48:17,247 INFO 42 [egg-security] use dta middleware
2022-10-12 10:48:17,247 INFO 42 [egg-security] compose 6 middlewares into one security middleware
2022-10-12 10:48:17,259 INFO 42 [egg:core] dump config after load, 9ms
2022-10-12 10:48:17,260 INFO 42 [egg-watcher:application] watcher start success
2022-10-12 10:48:17,284 INFO 42 [egg:core] dump config after ready, 6ms
2022-10-12 10:48:25,149 INFO 46 [egg:logger] init all loggers with options: {"dir":"/home/projects/webcontainer-egg-ct8fkp/logs/webcontainer-egg","encoding":"utf8","env":"local","level":"INFO","consoleLevel":"INFO","disableConsoleAfterReady":false,"outputJSON":false,"buffer":true,"appLogName":"webcontainer-egg-web.log","coreLogName":"egg-web.log","agentLogName":"egg-agent.log","errorLogName":"common-error.log","coreLogger":{"consoleLevel":"WARN"},"allowDebugAtProd":false,"enablePerformanceTimer":false,"type":"application"}
2022-10-12 10:48:25,157 INFO 46 [egg-multipart] stream mode enable
2022-10-12 10:48:26,643 INFO 46 [egg-static] starting static serve /public/ -> /home/projects/webcontainer-egg-ct8fkp/app/public
2022-10-12 10:48:26,647 INFO 46 [egg-security] use csrf middleware
2022-10-12 10:48:26,681 INFO 46 [egg-security] use methodnoallow middleware
2022-10-12 10:48:26,681 INFO 46 [egg-security] use noopen middleware
2022-10-12 10:48:26,682 INFO 46 [egg-security] use nosniff middleware
2022-10-12 10:48:26,682 INFO 46 [egg-security] use xssProtection middleware
2022-10-12 10:48:26,682 INFO 46 [egg-security] use dta middleware
2022-10-12 10:48:26,682 INFO 46 [egg-security] compose 6 middlewares into one security middleware
2022-10-12 10:48:26,720 INFO 46 [egg:core] dump config after load, 8ms
2022-10-12 10:48:26,721 INFO 46 [egg-watcher:application] watcher start success
2022-10-12 10:48:26,731 INFO 46 [egg:core] dump config after ready, 6ms
2022-10-12 10:48:44,806 INFO 50 [egg:logger] init all loggers with options: {"dir":"/home/projects/webcontainer-egg-ct8fkp/logs/webcontainer-egg","encoding":"utf8","env":"local","level":"INFO","consoleLevel":"INFO","disableConsoleAfterReady":false,"outputJSON":false,"buffer":true,"appLogName":"webcontainer-egg-web.log","coreLogName":"egg-web.log","agentLogName":"egg-agent.log","errorLogName":"common-error.log","coreLogger":{"consoleLevel":"WARN"},"allowDebugAtProd":false,"enablePerformanceTimer":false,"type":"application"}
2022-10-12 10:48:44,837 INFO 50 [egg-multipart] stream mode enable
2022-10-12 10:48:46,837 INFO 50 [egg-static] starting static serve /public/ -> /home/projects/webcontainer-egg-ct8fkp/app/public
2022-10-12 10:48:46,840 INFO 50 [egg-security] use csrf middleware
2022-10-12 10:48:46,842 INFO 50 [egg-security] use methodnoallow middleware
2022-10-12 10:48:46,842 INFO 50 [egg-security] use noopen middleware
2022-10-12 10:48:46,842 INFO 50 [egg-security] use nosniff middleware
2022-10-12 10:48:46,843 INFO 50 [egg-security] use xssProtection middleware
2022-10-12 10:48:46,843 INFO 50 [egg-security] use dta middleware
2022-10-12 10:48:46,843 INFO 50 [egg-security] compose 6 middlewares into one security middleware
2022-10-12 10:48:46,892 INFO 50 [egg:core] dump config after load, 44ms
2022-10-12 10:48:46,893 INFO 50 [egg-watcher:application] watcher start success
2022-10-12 10:48:46,913 INFO 50 [egg:core] dump config after ready, 16ms
2022-10-12 10:50:13,368 INFO 54 [egg:logger] init all loggers with options: {"dir":"/home/projects/webcontainer-egg-ct8fkp/logs/webcontainer-egg","encoding":"utf8","env":"local","level":"INFO","consoleLevel":"INFO","disableConsoleAfterReady":false,"outputJSON":false,"buffer":true,"appLogName":"webcontainer-egg-web.log","coreLogName":"egg-web.log","agentLogName":"egg-agent.log","errorLogName":"common-error.log","coreLogger":{"consoleLevel":"WARN"},"allowDebugAtProd":false,"enablePerformanceTimer":false,"type":"application"}
2022-10-12 10:50:13,423 INFO 54 [egg-multipart] stream mode enable
2022-10-12 10:50:14,923 INFO 54 [egg-static] starting static serve /public/ -> /home/projects/webcontainer-egg-ct8fkp/app/public
2022-10-12 10:50:14,925 INFO 54 [egg-security] use csrf middleware
2022-10-12 10:50:14,926 INFO 54 [egg-security] use methodnoallow middleware
2022-10-12 10:50:14,928 INFO 54 [egg-security] use noopen middleware
2022-10-12 10:50:14,929 INFO 54 [egg-security] use nosniff middleware
2022-10-12 10:50:14,929 INFO 54 [egg-security] use xssProtection middleware
2022-10-12 10:50:14,929 INFO 54 [egg-security] use dta middleware
2022-10-12 10:50:14,930 INFO 54 [egg-security] compose 6 middlewares into one security middleware
2022-10-12 10:50:15,010 INFO 54 [egg:core] dump config after load, 78ms
2022-10-12 10:50:15,018 INFO 54 [egg-watcher:application] watcher start success
2022-10-12 10:50:15,067 INFO 54 [egg:core] dump config after ready, 46ms
2022-10-12 10:50:30,221 INFO 58 [egg:logger] init all loggers with options: {"dir":"/home/projects/webcontainer-egg-ct8fkp/logs/webcontainer-egg","encoding":"utf8","env":"local","level":"INFO","consoleLevel":"INFO","disableConsoleAfterReady":false,"outputJSON":false,"buffer":true,"appLogName":"webcontainer-egg-web.log","coreLogName":"egg-web.log","agentLogName":"egg-agent.log","errorLogName":"common-error.log","coreLogger":{"consoleLevel":"WARN"},"allowDebugAtProd":false,"enablePerformanceTimer":false,"type":"application"}
2022-10-12 10:50:30,263 INFO 58 [egg-multipart] stream mode enable
2022-10-12 10:50:31,498 INFO 58 [egg-static] starting static serve /public/ -> /home/projects/webcontainer-egg-ct8fkp/app/public
2022-10-12 10:50:31,500 INFO 58 [egg-security] use csrf middleware
2022-10-12 10:50:31,503 INFO 58 [egg-security] use methodnoallow middleware
2022-10-12 10:50:31,503 INFO 58 [egg-security] use noopen middleware
2022-10-12 10:50:31,516 INFO 58 [egg-security] use nosniff middleware
2022-10-12 10:50:31,517 INFO 58 [egg-security] use xssProtection middleware
2022-10-12 10:50:31,517 INFO 58 [egg-security] use dta middleware
2022-10-12 10:50:31,517 INFO 58 [egg-security] compose 6 middlewares into one security middleware
2022-10-12 10:50:31,533 INFO 58 [egg:core] dump config after load, 12ms
2022-10-12 10:50:31,534 INFO 58 [egg-watcher:application] watcher start success
2022-10-12 10:50:31,545 INFO 58 [egg:core] dump config after ready, 6ms
2022-10-12 10:54:54,187 INFO 62 [egg:logger] init all loggers with options: {"dir":"/home/projects/webcontainer-egg-ct8fkp/logs/webcontainer-egg","encoding":"utf8","env":"local","level":"INFO","consoleLevel":"INFO","disableConsoleAfterReady":false,"outputJSON":false,"buffer":true,"appLogName":"webcontainer-egg-web.log","coreLogName":"egg-web.log","agentLogName":"egg-agent.log","errorLogName":"common-error.log","coreLogger":{"consoleLevel":"WARN"},"allowDebugAtProd":false,"enablePerformanceTimer":false,"type":"application"}
2022-10-12 10:54:54,206 INFO 62 [egg-multipart] stream mode enable
2022-10-12 10:54:56,485 INFO 62 [egg-static] starting static serve /public/ -> /home/projects/webcontainer-egg-ct8fkp/app/public
2022-10-12 10:54:56,488 INFO 62 [egg-security] use csrf middleware
2022-10-12 10:54:56,489 INFO 62 [egg-security] use methodnoallow middleware
2022-10-12 10:54:56,489 INFO 62 [egg-security] use noopen middleware
2022-10-12 10:54:56,490 INFO 62 [egg-security] use nosniff middleware
2022-10-12 10:54:56,490 INFO 62 [egg-security] use xssProtection middleware
2022-10-12 10:54:56,502 INFO 62 [egg-security] use dta middleware
2022-10-12 10:54:56,502 INFO 62 [egg-security] compose 6 middlewares into one security middleware
2022-10-12 10:54:56,625 INFO 62 [egg:core] dump config after load, 18ms
2022-10-12 10:54:56,629 INFO 62 [egg-watcher:application] watcher start success
2022-10-12 10:54:56,658 INFO 62 [egg:core] dump config after ready, 14ms
2022-10-12 10:56:44,350 INFO 66 [egg:logger] init all loggers with options: {"dir":"/home/projects/webcontainer-egg-ct8fkp/logs/webcontainer-egg","encoding":"utf8","env":"local","level":"INFO","consoleLevel":"INFO","disableConsoleAfterReady":false,"outputJSON":false,"buffer":true,"appLogName":"webcontainer-egg-web.log","coreLogName":"egg-web.log","agentLogName":"egg-agent.log","errorLogName":"common-error.log","coreLogger":{"consoleLevel":"WARN"},"allowDebugAtProd":false,"enablePerformanceTimer":false,"type":"application"}
2022-10-12 10:56:44,357 INFO 66 [egg-multipart] stream mode enable
2022-10-12 10:56:46,245 INFO 66 [egg-static] starting static serve /public/ -> /home/projects/webcontainer-egg-ct8fkp/app/public
2022-10-12 10:56:46,247 INFO 66 [egg-security] use csrf middleware
2022-10-12 10:56:46,248 INFO 66 [egg-security] use methodnoallow middleware
2022-10-12 10:56:46,248 INFO 66 [egg-security] use noopen middleware
2022-10-12 10:56:46,248 INFO 66 [egg-security] use nosniff middleware
2022-10-12 10:56:46,249 INFO 66 [egg-security] use xssProtection middleware
2022-10-12 10:56:46,249 INFO 66 [egg-security] use dta middleware
2022-10-12 10:56:46,249 INFO 66 [egg-security] compose 6 middlewares into one security middleware
2022-10-12 10:56:46,303 INFO 66 [egg:core] dump config after load, 18ms
2022-10-12 10:56:46,305 INFO 66 [egg-watcher:application] watcher start success
2022-10-12 10:56:46,312 INFO 66 [egg:core] dump config after ready, 5ms
2022-10-12 10:57:23,455 INFO 70 [egg:logger] init all loggers with options: {"dir":"/home/projects/webcontainer-egg-ct8fkp/logs/webcontainer-egg","encoding":"utf8","env":"local","level":"INFO","consoleLevel":"INFO","disableConsoleAfterReady":false,"outputJSON":false,"buffer":true,"appLogName":"webcontainer-egg-web.log","coreLogName":"egg-web.log","agentLogName":"egg-agent.log","errorLogName":"common-error.log","coreLogger":{"consoleLevel":"WARN"},"allowDebugAtProd":false,"enablePerformanceTimer":false,"type":"application"}
2022-10-12 10:57:23,460 INFO 70 [egg-multipart] stream mode enable
2022-10-12 10:57:24,889 INFO 70 [egg-static] starting static serve /public/ -> /home/projects/webcontainer-egg-ct8fkp/app/public
2022-10-12 10:57:24,891 INFO 70 [egg-security] use csrf middleware
2022-10-12 10:57:24,892 INFO 70 [egg-security] use methodnoallow middleware
2022-10-12 10:57:24,892 INFO 70 [egg-security] use noopen middleware
2022-10-12 10:57:24,893 INFO 70 [egg-security] use nosniff middleware
2022-10-12 10:57:24,893 INFO 70 [egg-security] use xssProtection middleware
2022-10-12 10:57:24,893 INFO 70 [egg-security] use dta middleware
2022-10-12 10:57:24,893 INFO 70 [egg-security] compose 6 middlewares into one security middleware
2022-10-12 10:57:24,909 INFO 70 [egg:core] dump config after load, 11ms
2022-10-12 10:57:24,910 INFO 70 [egg-watcher:application] watcher start success
2022-10-12 10:57:24,921 INFO 70 [egg:core] dump config after ready, 8ms
2022-10-12 11:01:07,226 INFO 74 [egg:logger] init all loggers with options: {"dir":"/home/projects/webcontainer-egg-ct8fkp/logs/webcontainer-egg","encoding":"utf8","env":"local","level":"INFO","consoleLevel":"INFO","disableConsoleAfterReady":false,"outputJSON":false,"buffer":true,"appLogName":"webcontainer-egg-web.log","coreLogName":"egg-web.log","agentLogName":"egg-agent.log","errorLogName":"common-error.log","coreLogger":{"consoleLevel":"WARN"},"allowDebugAtProd":false,"enablePerformanceTimer":false,"type":"application"}
2022-10-12 11:01:07,232 INFO 74 [egg-multipart] stream mode enable
2022-10-12 11:01:09,449 INFO 74 [egg-static] starting static serve /public/ -> /home/projects/webcontainer-egg-ct8fkp/app/public
2022-10-12 11:01:09,454 INFO 74 [egg-security] use csrf middleware
2022-10-12 11:01:09,454 INFO 74 [egg-security] use methodnoallow middleware
2022-10-12 11:01:09,455 INFO 74 [egg-security] use noopen middleware
2022-10-12 11:01:09,455 INFO 74 [egg-security] use nosniff middleware
2022-10-12 11:01:09,456 INFO 74 [egg-security] use xssProtection middleware
2022-10-12 11:01:09,456 INFO 74 [egg-security] use dta middleware
2022-10-12 11:01:09,456 INFO 74 [egg-security] compose 6 middlewares into one security middleware
2022-10-12 11:01:09,562 INFO 74 [egg:core] dump config after load, 64ms
2022-10-12 11:01:09,565 INFO 74 [egg-watcher:application] watcher start success
2022-10-12 11:01:09,577 INFO 74 [egg:core] dump config after ready, 10ms
2022-10-12 11:02:01,936 INFO 78 [egg:logger] init all loggers with options: {"dir":"/home/projects/webcontainer-egg-ct8fkp/logs/webcontainer-egg","encoding":"utf8","env":"local","level":"INFO","consoleLevel":"INFO","disableConsoleAfterReady":false,"outputJSON":false,"buffer":true,"appLogName":"webcontainer-egg-web.log","coreLogName":"egg-web.log","agentLogName":"egg-agent.log","errorLogName":"common-error.log","coreLogger":{"consoleLevel":"WARN"},"allowDebugAtProd":false,"enablePerformanceTimer":false,"type":"application"}
2022-10-12 11:02:01,941 INFO 78 [egg-multipart] stream mode enable
2022-10-12 11:02:03,146 INFO 78 [egg-static] starting static serve /public/ -> /home/projects/webcontainer-egg-ct8fkp/app/public
2022-10-12 11:02:03,160 INFO 78 [egg-security] use csrf middleware
2022-10-12 11:02:03,161 INFO 78 [egg-security] use methodnoallow middleware
2022-10-12 11:02:03,161 INFO 78 [egg-security] use noopen middleware
2022-10-12 11:02:03,161 INFO 78 [egg-security] use nosniff middleware
2022-10-12 11:02:03,162 INFO 78 [egg-security] use xssProtection middleware
2022-10-12 11:02:03,162 INFO 78 [egg-security] use dta middleware
2022-10-12 11:02:03,162 INFO 78 [egg-security] compose 6 middlewares into one security middleware
2022-10-12 11:02:03,179 INFO 78 [egg:core] dump config after load, 14ms
2022-10-12 11:02:03,181 INFO 78 [egg-watcher:application] watcher start success
2022-10-12 11:02:03,246 INFO 78 [egg:core] dump config after ready, 63ms
2022-10-12 11:02:31,569 INFO 82 [egg:logger] init all loggers with options: {"dir":"/home/projects/webcontainer-egg-ct8fkp/logs/webcontainer-egg","encoding":"utf8","env":"local","level":"INFO","consoleLevel":"INFO","disableConsoleAfterReady":false,"outputJSON":false,"buffer":true,"appLogName":"webcontainer-egg-web.log","coreLogName":"egg-web.log","agentLogName":"egg-agent.log","errorLogName":"common-error.log","coreLogger":{"consoleLevel":"WARN"},"allowDebugAtProd":false,"enablePerformanceTimer":false,"type":"application"}
2022-10-12 11:02:31,574 INFO 82 [egg-multipart] stream mode enable
2022-10-12 11:02:33,000 INFO 82 [egg-static] starting static serve /public/ -> /home/projects/webcontainer-egg-ct8fkp/app/public
2022-10-12 11:02:33,002 INFO 82 [egg-security] use csrf middleware
2022-10-12 11:02:33,002 INFO 82 [egg-security] use methodnoallow middleware
2022-10-12 11:02:33,003 INFO 82 [egg-security] use noopen middleware
2022-10-12 11:02:33,003 INFO 82 [egg-security] use nosniff middleware
2022-10-12 11:02:33,004 INFO 82 [egg-security] use xssProtection middleware
2022-10-12 11:02:33,004 INFO 82 [egg-security] use dta middleware
2022-10-12 11:02:33,004 INFO 82 [egg-security] compose 6 middlewares into one security middleware
2022-10-12 11:02:33,036 INFO 82 [egg:core] dump config after load, 12ms
2022-10-12 11:02:33,037 INFO 82 [egg-watcher:application] watcher start success
2022-10-12 11:02:33,048 INFO 82 [egg:core] dump config after ready, 7ms
2022-10-12 11:03:25,436 INFO 86 [egg:logger] init all loggers with options: {"dir":"/home/projects/webcontainer-egg-ct8fkp/logs/webcontainer-egg","encoding":"utf8","env":"local","level":"INFO","consoleLevel":"INFO","disableConsoleAfterReady":false,"outputJSON":false,"buffer":true,"appLogName":"webcontainer-egg-web.log","coreLogName":"egg-web.log","agentLogName":"egg-agent.log","errorLogName":"common-error.log","coreLogger":{"consoleLevel":"WARN"},"allowDebugAtProd":false,"enablePerformanceTimer":false,"type":"application"}
2022-10-12 11:03:25,466 INFO 86 [egg-multipart] stream mode enable
2022-10-12 11:03:28,000 INFO 86 [egg-static] starting static serve /public/ -> /home/projects/webcontainer-egg-ct8fkp/app/public
2022-10-12 11:03:28,004 INFO 86 [egg-security] use csrf middleware
2022-10-12 11:03:28,005 INFO 86 [egg-security] use methodnoallow middleware
2022-10-12 11:03:28,005 INFO 86 [egg-security] use noopen middleware
2022-10-12 11:03:28,006 INFO 86 [egg-security] use nosniff middleware
2022-10-12 11:03:28,007 INFO 86 [egg-security] use xssProtection middleware
2022-10-12 11:03:28,008 INFO 86 [egg-security] use dta middleware
2022-10-12 11:03:28,008 INFO 86 [egg-security] compose 6 middlewares into one security middleware
2022-10-12 11:03:28,024 INFO 86 [egg:core] dump config after load, 10ms
2022-10-12 11:03:28,024 INFO 86 [egg-watcher:application] watcher start success
2022-10-12 11:03:28,033 INFO 86 [egg:core] dump config after ready, 6ms
2022-10-12 11:04:06,024 INFO 90 [egg:logger] init all loggers with options: {"dir":"/home/projects/webcontainer-egg-ct8fkp/logs/webcontainer-egg","encoding":"utf8","env":"local","level":"INFO","consoleLevel":"INFO","disableConsoleAfterReady":false,"outputJSON":false,"buffer":true,"appLogName":"webcontainer-egg-web.log","coreLogName":"egg-web.log","agentLogName":"egg-agent.log","errorLogName":"common-error.log","coreLogger":{"consoleLevel":"WARN"},"allowDebugAtProd":false,"enablePerformanceTimer":false,"type":"application"}
2022-10-12 11:04:06,037 INFO 90 [egg-multipart] stream mode enable
2022-10-12 11:04:07,757 INFO 90 [egg-static] starting static serve /public/ -> /home/projects/webcontainer-egg-ct8fkp/app/public
2022-10-12 11:04:07,762 INFO 90 [egg-security] use csrf middleware
2022-10-12 11:04:07,774 INFO 90 [egg-security] use methodnoallow middleware
2022-10-12 11:04:07,774 INFO 90 [egg-security] use noopen middleware
2022-10-12 11:04:07,775 INFO 90 [egg-security] use nosniff middleware
2022-10-12 11:04:07,775 INFO 90 [egg-security] use xssProtection middleware
2022-10-12 11:04:07,775 INFO 90 [egg-security] use dta middleware
2022-10-12 11:04:07,775 INFO 90 [egg-security] compose 6 middlewares into one security middleware
2022-10-12 11:04:07,790 INFO 90 [egg:core] dump config after load, 12ms
2022-10-12 11:04:07,791 INFO 90 [egg-watcher:application] watcher start success
2022-10-12 11:04:07,807 INFO 90 [egg:core] dump config after ready, 12ms
2022-10-12 11:04:41,849 INFO 94 [egg:logger] init all loggers with options: {"dir":"/home/projects/webcontainer-egg-ct8fkp/logs/webcontainer-egg","encoding":"utf8","env":"local","level":"INFO","consoleLevel":"INFO","disableConsoleAfterReady":false,"outputJSON":false,"buffer":true,"appLogName":"webcontainer-egg-web.log","coreLogName":"egg-web.log","agentLogName":"egg-agent.log","errorLogName":"common-error.log","coreLogger":{"consoleLevel":"WARN"},"allowDebugAtProd":false,"enablePerformanceTimer":false,"type":"application"}
2022-10-12 11:04:41,885 INFO 94 [egg-multipart] stream mode enable
2022-10-12 11:04:42,834 INFO 94 [egg-static] starting static serve /public/ -> /home/projects/webcontainer-egg-ct8fkp/app/public
2022-10-12 11:04:42,866 INFO 94 [egg-security] use csrf middleware
2022-10-12 11:04:42,867 INFO 94 [egg-security] use methodnoallow middleware
2022-10-12 11:04:42,867 INFO 94 [egg-security] use noopen middleware
2022-10-12 11:04:42,868 INFO 94 [egg-security] use nosniff middleware
2022-10-12 11:04:42,868 INFO 94 [egg-security] use xssProtection middleware
2022-10-12 11:04:42,868 INFO 94 [egg-security] use dta middleware
2022-10-12 11:04:42,868 INFO 94 [egg-security] compose 6 middlewares into one security middleware
2022-10-12 11:04:42,879 INFO 94 [egg:core] dump config after load, 8ms
2022-10-12 11:04:42,879 INFO 94 [egg-watcher:application] watcher start success
2022-10-12 11:04:42,891 INFO 94 [egg:core] dump config after ready, 5ms
2022-10-12 11:05:51,129 INFO 98 [egg:logger] init all loggers with options: {"dir":"/home/projects/webcontainer-egg-ct8fkp/logs/webcontainer-egg","encoding":"utf8","env":"local","level":"INFO","consoleLevel":"INFO","disableConsoleAfterReady":false,"outputJSON":false,"buffer":true,"appLogName":"webcontainer-egg-web.log","coreLogName":"egg-web.log","agentLogName":"egg-agent.log","errorLogName":"common-error.log","coreLogger":{"consoleLevel":"WARN"},"allowDebugAtProd":false,"enablePerformanceTimer":false,"type":"application"}
2022-10-12 11:05:51,136 INFO 98 [egg-multipart] stream mode enable
2022-10-12 11:05:52,621 INFO 98 [egg-static] starting static serve /public/ -> /home/projects/webcontainer-egg-ct8fkp/app/public
2022-10-12 11:05:52,623 INFO 98 [egg-security] use csrf middleware
2022-10-12 11:05:52,624 INFO 98 [egg-security] use methodnoallow middleware
2022-10-12 11:05:52,625 INFO 98 [egg-security] use noopen middleware
2022-10-12 11:05:52,626 INFO 98 [egg-security] use nosniff middleware
2022-10-12 11:05:52,626 INFO 98 [egg-security] use xssProtection middleware
2022-10-12 11:05:52,626 INFO 98 [egg-security] use dta middleware
2022-10-12 11:05:52,626 INFO 98 [egg-security] compose 6 middlewares into one security middleware
2022-10-12 11:05:52,647 INFO 98 [egg:core] dump config after load, 16ms
2022-10-12 11:05:52,647 INFO 98 [egg-watcher:application] watcher start success
2022-10-12 11:05:52,662 INFO 98 [egg:core] dump config after ready, 8ms
2022-10-12 11:06:44,710 INFO 102 [egg:logger] init all loggers with options: {"dir":"/home/projects/webcontainer-egg-ct8fkp/logs/webcontainer-egg","encoding":"utf8","env":"local","level":"INFO","consoleLevel":"INFO","disableConsoleAfterReady":false,"outputJSON":false,"buffer":true,"appLogName":"webcontainer-egg-web.log","coreLogName":"egg-web.log","agentLogName":"egg-agent.log","errorLogName":"common-error.log","coreLogger":{"consoleLevel":"WARN"},"allowDebugAtProd":false,"enablePerformanceTimer":false,"type":"application"}
2022-10-12 11:06:44,715 INFO 102 [egg-multipart] stream mode enable
2022-10-12 11:06:46,245 INFO 102 [egg-static] starting static serve /public/ -> /home/projects/webcontainer-egg-ct8fkp/app/public
2022-10-12 11:06:46,272 INFO 102 [egg-security] use csrf middleware
2022-10-12 11:06:46,273 INFO 102 [egg-security] use methodnoallow middleware
2022-10-12 11:06:46,273 INFO 102 [egg-security] use noopen middleware
2022-10-12 11:06:46,274 INFO 102 [egg-security] use nosniff middleware
2022-10-12 11:06:46,274 INFO 102 [egg-security] use xssProtection middleware
2022-10-12 11:06:46,275 INFO 102 [egg-security] use dta middleware
2022-10-12 11:06:46,275 INFO 102 [egg-security] compose 6 middlewares into one security middleware
2022-10-12 11:06:46,315 INFO 102 [egg:core] dump config after load, 38ms
2022-10-12 11:06:46,322 INFO 102 [egg-watcher:application] watcher start success
2022-10-12 11:06:46,339 INFO 102 [egg:core] dump config after ready, 8ms
2022-10-12 11:08:26,202 INFO 106 [egg:logger] init all loggers with options: {"dir":"/home/projects/webcontainer-egg-ct8fkp/logs/webcontainer-egg","encoding":"utf8","env":"local","level":"INFO","consoleLevel":"INFO","disableConsoleAfterReady":false,"outputJSON":false,"buffer":true,"appLogName":"webcontainer-egg-web.log","coreLogName":"egg-web.log","agentLogName":"egg-agent.log","errorLogName":"common-error.log","coreLogger":{"consoleLevel":"WARN"},"allowDebugAtProd":false,"enablePerformanceTimer":false,"type":"application"}
2022-10-12 11:08:26,210 INFO 106 [egg-multipart] stream mode enable
2022-10-12 11:08:28,013 INFO 106 [egg-static] starting static serve /public/ -> /home/projects/webcontainer-egg-ct8fkp/app/public
2022-10-12 11:08:28,016 INFO 106 [egg-security] use csrf middleware
2022-10-12 11:08:28,020 INFO 106 [egg-security] use methodnoallow middleware
2022-10-12 11:08:28,021 INFO 106 [egg-security] use noopen middleware
2022-10-12 11:08:28,021 INFO 106 [egg-security] use nosniff middleware
2022-10-12 11:08:28,021 INFO 106 [egg-security] use xssProtection middleware
2022-10-12 11:08:28,022 INFO 106 [egg-security] use dta middleware
2022-10-12 11:08:28,022 INFO 106 [egg-security] compose 6 middlewares into one security middleware
2022-10-12 11:08:28,204 INFO 106 [egg:core] dump config after load, 48ms
2022-10-12 11:08:28,205 INFO 106 [egg-watcher:application] watcher start success
2022-10-12 11:08:28,232 INFO 106 [egg:core] dump config after ready, 16ms
2022-10-12 11:08:59,728 INFO 110 [egg:logger] init all loggers with options: {"dir":"/home/projects/webcontainer-egg-ct8fkp/logs/webcontainer-egg","encoding":"utf8","env":"local","level":"INFO","consoleLevel":"INFO","disableConsoleAfterReady":false,"outputJSON":false,"buffer":true,"appLogName":"webcontainer-egg-web.log","coreLogName":"egg-web.log","agentLogName":"egg-agent.log","errorLogName":"common-error.log","coreLogger":{"consoleLevel":"WARN"},"allowDebugAtProd":false,"enablePerformanceTimer":false,"type":"application"}
2022-10-12 11:08:59,734 INFO 110 [egg-multipart] stream mode enable
2022-10-12 11:09:00,735 INFO 110 [egg-static] starting static serve /public/ -> /home/projects/webcontainer-egg-ct8fkp/app/public
2022-10-12 11:09:00,740 INFO 110 [egg-security] use csrf middleware
2022-10-12 11:09:00,741 INFO 110 [egg-security] use methodnoallow middleware
2022-10-12 11:09:00,741 INFO 110 [egg-security] use noopen middleware
2022-10-12 11:09:00,742 INFO 110 [egg-security] use nosniff middleware
2022-10-12 11:09:00,742 INFO 110 [egg-security] use xssProtection middleware
2022-10-12 11:09:00,742 INFO 110 [egg-security] use dta middleware
2022-10-12 11:09:00,742 INFO 110 [egg-security] compose 6 middlewares into one security middleware
2022-10-12 11:09:00,758 INFO 110 [egg:core] dump config after load, 13ms
2022-10-12 11:09:00,761 INFO 110 [egg-watcher:application] watcher start success
2022-10-12 11:09:00,775 INFO 110 [egg:core] dump config after ready, 9ms
