2022-09-30 00:29:48,169 INFO 299 [Job#16644689880752529338000001] /home/projects/webcontainer-egg-ct8fkp/node_modules/egg-logrotator/app/schedule/rotate_by_file.js execute succeed, used 49ms. 
2022-09-30 05:24:00,722 INFO 299 [Timer] /home/projects/webcontainer-egg-ct8fkp/node_modules/egg-multipart/app/schedule/clean_tmpdir.js next time will execute after 83159563ms at 2022-10-01 04:30:00.275
2022-09-30 05:24:00,744 INFO 299 [Job#16644866403763081558000001] /home/projects/webcontainer-egg-ct8fkp/node_modules/egg-multipart/app/schedule/clean_tmpdir.js executing by app
2022-09-30 05:24:01,112 INFO 299 [Job#16644866403763081558000001] /home/projects/webcontainer-egg-ct8fkp/node_modules/egg-multipart/app/schedule/clean_tmpdir.js execute succeed, used 318ms. 
2022-09-30 09:30:16,426 INFO 303 [egg-schedule]: register schedule /home/projects/webcontainer-egg-ct8fkp/node_modules/egg-multipart/app/schedule/clean_tmpdir.js
2022-09-30 09:30:16,426 INFO 303 [egg-schedule]: register schedule /home/projects/webcontainer-egg-ct8fkp/node_modules/egg-logrotator/app/schedule/clean_log.js
2022-09-30 09:30:16,426 INFO 303 [egg-schedule]: register schedule /home/projects/webcontainer-egg-ct8fkp/node_modules/egg-logrotator/app/schedule/rotate_by_file.js
2022-09-30 09:30:18,159 INFO 303 [Timer] /home/projects/webcontainer-egg-ct8fkp/node_modules/egg-multipart/app/schedule/clean_tmpdir.js next time will execute after 68381844ms at 2022-10-01 04:30:00.003
2022-09-30 09:30:18,159 INFO 303 [Timer] /home/projects/webcontainer-egg-ct8fkp/node_modules/egg-logrotator/app/schedule/clean_log.js next time will execute after 52181841ms at 2022-10-01 00:00:00.000
2022-09-30 09:30:18,159 INFO 303 [Timer] /home/projects/webcontainer-egg-ct8fkp/node_modules/egg-logrotator/app/schedule/rotate_by_file.js next time will execute after 52182841ms at 2022-10-01 00:00:01.000
2022-09-30 09:31:40,612 INFO 307 [egg-schedule]: register schedule /home/projects/webcontainer-egg-ct8fkp/node_modules/egg-multipart/app/schedule/clean_tmpdir.js
2022-09-30 09:31:40,612 INFO 307 [egg-schedule]: register schedule /home/projects/webcontainer-egg-ct8fkp/node_modules/egg-logrotator/app/schedule/clean_log.js
2022-09-30 09:31:40,612 INFO 307 [egg-schedule]: register schedule /home/projects/webcontainer-egg-ct8fkp/node_modules/egg-logrotator/app/schedule/rotate_by_file.js
2022-09-30 09:31:41,594 INFO 307 [Timer] /home/projects/webcontainer-egg-ct8fkp/node_modules/egg-multipart/app/schedule/clean_tmpdir.js next time will execute after 68298409ms at 2022-10-01 04:30:00.003
2022-09-30 09:31:41,595 INFO 307 [Timer] /home/projects/webcontainer-egg-ct8fkp/node_modules/egg-logrotator/app/schedule/clean_log.js next time will execute after 52098406ms at 2022-10-01 00:00:00.001
2022-09-30 09:31:41,595 INFO 307 [Timer] /home/projects/webcontainer-egg-ct8fkp/node_modules/egg-logrotator/app/schedule/rotate_by_file.js next time will execute after 52099405ms at 2022-10-01 00:00:01.000
2022-09-30 09:34:10,609 INFO 311 [egg-schedule]: register schedule /home/projects/webcontainer-egg-ct8fkp/node_modules/egg-multipart/app/schedule/clean_tmpdir.js
2022-09-30 09:34:10,609 INFO 311 [egg-schedule]: register schedule /home/projects/webcontainer-egg-ct8fkp/node_modules/egg-logrotator/app/schedule/clean_log.js
2022-09-30 09:34:10,609 INFO 311 [egg-schedule]: register schedule /home/projects/webcontainer-egg-ct8fkp/node_modules/egg-logrotator/app/schedule/rotate_by_file.js
2022-09-30 09:34:12,387 INFO 311 [Timer] /home/projects/webcontainer-egg-ct8fkp/node_modules/egg-multipart/app/schedule/clean_tmpdir.js next time will execute after 68147624ms at 2022-10-01 04:30:00.011
2022-09-30 09:34:12,396 INFO 311 [Timer] /home/projects/webcontainer-egg-ct8fkp/node_modules/egg-logrotator/app/schedule/clean_log.js next time will execute after 51947612ms at 2022-10-01 00:00:00.008
2022-09-30 09:34:12,396 INFO 311 [Timer] /home/projects/webcontainer-egg-ct8fkp/node_modules/egg-logrotator/app/schedule/rotate_by_file.js next time will execute after 51948604ms at 2022-10-01 00:00:01.000
2022-09-30 10:29:19,462 INFO 315 [egg-schedule]: register schedule /home/projects/webcontainer-egg-ct8fkp/node_modules/egg-multipart/app/schedule/clean_tmpdir.js
2022-09-30 10:29:19,462 INFO 315 [egg-schedule]: register schedule /home/projects/webcontainer-egg-ct8fkp/node_modules/egg-logrotator/app/schedule/clean_log.js
2022-09-30 10:29:19,462 INFO 315 [egg-schedule]: register schedule /home/projects/webcontainer-egg-ct8fkp/node_modules/egg-logrotator/app/schedule/rotate_by_file.js
2022-09-30 10:29:24,065 INFO 315 [Timer] /home/projects/webcontainer-egg-ct8fkp/node_modules/egg-multipart/app/schedule/clean_tmpdir.js next time will execute after 64835938ms at 2022-10-01 04:30:00.003
2022-09-30 10:29:24,065 INFO 315 [Timer] /home/projects/webcontainer-egg-ct8fkp/node_modules/egg-logrotator/app/schedule/clean_log.js next time will execute after 48635935ms at 2022-10-01 00:00:00.000
2022-09-30 10:29:24,065 INFO 315 [Timer] /home/projects/webcontainer-egg-ct8fkp/node_modules/egg-logrotator/app/schedule/rotate_by_file.js next time will execute after 48636935ms at 2022-10-01 00:00:01.000
2022-09-30 10:32:19,390 INFO 319 [egg-schedule]: register schedule /home/projects/webcontainer-egg-ct8fkp/node_modules/egg-multipart/app/schedule/clean_tmpdir.js
2022-09-30 10:32:19,390 INFO 319 [egg-schedule]: register schedule /home/projects/webcontainer-egg-ct8fkp/node_modules/egg-logrotator/app/schedule/clean_log.js
2022-09-30 10:32:19,390 INFO 319 [egg-schedule]: register schedule /home/projects/webcontainer-egg-ct8fkp/node_modules/egg-logrotator/app/schedule/rotate_by_file.js
2022-09-30 10:32:23,260 INFO 319 [Timer] /home/projects/webcontainer-egg-ct8fkp/node_modules/egg-multipart/app/schedule/clean_tmpdir.js next time will execute after 64656743ms at 2022-10-01 04:30:00.003
2022-09-30 10:32:23,261 INFO 319 [Timer] /home/projects/webcontainer-egg-ct8fkp/node_modules/egg-logrotator/app/schedule/clean_log.js next time will execute after 48456739ms at 2022-10-01 00:00:00.000
2022-09-30 10:32:23,262 INFO 319 [Timer] /home/projects/webcontainer-egg-ct8fkp/node_modules/egg-logrotator/app/schedule/rotate_by_file.js next time will execute after 48457739ms at 2022-10-01 00:00:01.001
2022-09-30 10:33:48,500 INFO 323 [egg-schedule]: register schedule /home/projects/webcontainer-egg-ct8fkp/node_modules/egg-multipart/app/schedule/clean_tmpdir.js
2022-09-30 10:33:48,500 INFO 323 [egg-schedule]: register schedule /home/projects/webcontainer-egg-ct8fkp/node_modules/egg-logrotator/app/schedule/clean_log.js
2022-09-30 10:33:48,500 INFO 323 [egg-schedule]: register schedule /home/projects/webcontainer-egg-ct8fkp/node_modules/egg-logrotator/app/schedule/rotate_by_file.js
2022-09-30 10:33:52,489 INFO 323 [Timer] /home/projects/webcontainer-egg-ct8fkp/node_modules/egg-multipart/app/schedule/clean_tmpdir.js next time will execute after 64567640ms at 2022-10-01 04:30:00.129
2022-09-30 10:33:52,490 INFO 323 [Timer] /home/projects/webcontainer-egg-ct8fkp/node_modules/egg-logrotator/app/schedule/clean_log.js next time will execute after 48367511ms at 2022-10-01 00:00:00.001
2022-09-30 10:33:52,492 INFO 323 [Timer] /home/projects/webcontainer-egg-ct8fkp/node_modules/egg-logrotator/app/schedule/rotate_by_file.js next time will execute after 48368510ms at 2022-10-01 00:00:01.002
2022-09-30 10:35:17,567 INFO 327 [egg-schedule]: register schedule /home/projects/webcontainer-egg-ct8fkp/node_modules/egg-multipart/app/schedule/clean_tmpdir.js
2022-09-30 10:35:17,567 INFO 327 [egg-schedule]: register schedule /home/projects/webcontainer-egg-ct8fkp/node_modules/egg-logrotator/app/schedule/clean_log.js
2022-09-30 10:35:17,567 INFO 327 [egg-schedule]: register schedule /home/projects/webcontainer-egg-ct8fkp/node_modules/egg-logrotator/app/schedule/rotate_by_file.js
2022-09-30 10:35:20,599 INFO 327 [Timer] /home/projects/webcontainer-egg-ct8fkp/node_modules/egg-multipart/app/schedule/clean_tmpdir.js next time will execute after 64479415ms at 2022-10-01 04:30:00.014
2022-09-30 10:35:20,599 INFO 327 [Timer] /home/projects/webcontainer-egg-ct8fkp/node_modules/egg-logrotator/app/schedule/clean_log.js next time will execute after 48279401ms at 2022-10-01 00:00:00.000
2022-09-30 10:35:20,600 INFO 327 [Timer] /home/projects/webcontainer-egg-ct8fkp/node_modules/egg-logrotator/app/schedule/rotate_by_file.js next time will execute after 48280401ms at 2022-10-01 00:00:01.001
2022-09-30 10:39:23,889 INFO 331 [egg-schedule]: register schedule /home/projects/webcontainer-egg-ct8fkp/node_modules/egg-multipart/app/schedule/clean_tmpdir.js
2022-09-30 10:39:23,889 INFO 331 [egg-schedule]: register schedule /home/projects/webcontainer-egg-ct8fkp/node_modules/egg-logrotator/app/schedule/clean_log.js
2022-09-30 10:39:23,889 INFO 331 [egg-schedule]: register schedule /home/projects/webcontainer-egg-ct8fkp/node_modules/egg-logrotator/app/schedule/rotate_by_file.js
2022-09-30 10:39:25,049 INFO 331 [Timer] /home/projects/webcontainer-egg-ct8fkp/node_modules/egg-multipart/app/schedule/clean_tmpdir.js next time will execute after 64234953ms at 2022-10-01 04:30:00.002
2022-09-30 10:39:25,049 INFO 331 [Timer] /home/projects/webcontainer-egg-ct8fkp/node_modules/egg-logrotator/app/schedule/clean_log.js next time will execute after 48034951ms at 2022-10-01 00:00:00.000
2022-09-30 10:39:25,050 INFO 331 [Timer] /home/projects/webcontainer-egg-ct8fkp/node_modules/egg-logrotator/app/schedule/rotate_by_file.js next time will execute after 48035951ms at 2022-10-01 00:00:01.001
2022-09-30 10:40:44,464 INFO 335 [egg-schedule]: register schedule /home/projects/webcontainer-egg-ct8fkp/node_modules/egg-multipart/app/schedule/clean_tmpdir.js
2022-09-30 10:40:44,464 INFO 335 [egg-schedule]: register schedule /home/projects/webcontainer-egg-ct8fkp/node_modules/egg-logrotator/app/schedule/clean_log.js
2022-09-30 10:40:44,464 INFO 335 [egg-schedule]: register schedule /home/projects/webcontainer-egg-ct8fkp/node_modules/egg-logrotator/app/schedule/rotate_by_file.js
2022-09-30 10:40:46,248 INFO 335 [Timer] /home/projects/webcontainer-egg-ct8fkp/node_modules/egg-multipart/app/schedule/clean_tmpdir.js next time will execute after 64153754ms at 2022-10-01 04:30:00.002
2022-09-30 10:40:46,249 INFO 335 [Timer] /home/projects/webcontainer-egg-ct8fkp/node_modules/egg-logrotator/app/schedule/clean_log.js next time will execute after 47953752ms at 2022-10-01 00:00:00.001
2022-09-30 10:40:46,249 INFO 335 [Timer] /home/projects/webcontainer-egg-ct8fkp/node_modules/egg-logrotator/app/schedule/rotate_by_file.js next time will execute after 47954751ms at 2022-10-01 00:00:01.000
2022-09-30 10:42:27,724 INFO 339 [egg-schedule]: register schedule /home/projects/webcontainer-egg-ct8fkp/node_modules/egg-multipart/app/schedule/clean_tmpdir.js
2022-09-30 10:42:27,724 INFO 339 [egg-schedule]: register schedule /home/projects/webcontainer-egg-ct8fkp/node_modules/egg-logrotator/app/schedule/clean_log.js
2022-09-30 10:42:27,724 INFO 339 [egg-schedule]: register schedule /home/projects/webcontainer-egg-ct8fkp/node_modules/egg-logrotator/app/schedule/rotate_by_file.js
2022-09-30 10:42:29,955 INFO 339 [Timer] /home/projects/webcontainer-egg-ct8fkp/node_modules/egg-multipart/app/schedule/clean_tmpdir.js next time will execute after 64050048ms at 2022-10-01 04:30:00.003
2022-09-30 10:42:29,956 INFO 339 [Timer] /home/projects/webcontainer-egg-ct8fkp/node_modules/egg-logrotator/app/schedule/clean_log.js next time will execute after 47850045ms at 2022-10-01 00:00:00.001
2022-09-30 10:42:29,956 INFO 339 [Timer] /home/projects/webcontainer-egg-ct8fkp/node_modules/egg-logrotator/app/schedule/rotate_by_file.js next time will execute after 47851044ms at 2022-10-01 00:00:01.000
2022-09-30 10:43:04,006 INFO 343 [egg-schedule]: register schedule /home/projects/webcontainer-egg-ct8fkp/node_modules/egg-multipart/app/schedule/clean_tmpdir.js
2022-09-30 10:43:04,006 INFO 343 [egg-schedule]: register schedule /home/projects/webcontainer-egg-ct8fkp/node_modules/egg-logrotator/app/schedule/clean_log.js
2022-09-30 10:43:04,006 INFO 343 [egg-schedule]: register schedule /home/projects/webcontainer-egg-ct8fkp/node_modules/egg-logrotator/app/schedule/rotate_by_file.js
2022-09-30 10:43:04,984 INFO 343 [Timer] /home/projects/webcontainer-egg-ct8fkp/node_modules/egg-multipart/app/schedule/clean_tmpdir.js next time will execute after 64015025ms at 2022-10-01 04:30:00.009
2022-09-30 10:43:04,985 INFO 343 [Timer] /home/projects/webcontainer-egg-ct8fkp/node_modules/egg-logrotator/app/schedule/clean_log.js next time will execute after 47815016ms at 2022-10-01 00:00:00.001
2022-09-30 10:43:04,985 INFO 343 [Timer] /home/projects/webcontainer-egg-ct8fkp/node_modules/egg-logrotator/app/schedule/rotate_by_file.js next time will execute after 47816015ms at 2022-10-01 00:00:01.000
2022-09-30 10:43:47,540 INFO 347 [egg-schedule]: register schedule /home/projects/webcontainer-egg-ct8fkp/node_modules/egg-multipart/app/schedule/clean_tmpdir.js
2022-09-30 10:43:47,540 INFO 347 [egg-schedule]: register schedule /home/projects/webcontainer-egg-ct8fkp/node_modules/egg-logrotator/app/schedule/clean_log.js
2022-09-30 10:43:47,540 INFO 347 [egg-schedule]: register schedule /home/projects/webcontainer-egg-ct8fkp/node_modules/egg-logrotator/app/schedule/rotate_by_file.js
2022-09-30 10:43:50,861 INFO 347 [Timer] /home/projects/webcontainer-egg-ct8fkp/node_modules/egg-multipart/app/schedule/clean_tmpdir.js next time will execute after 63969141ms at 2022-10-01 04:30:00.002
2022-09-30 10:43:50,862 INFO 347 [Timer] /home/projects/webcontainer-egg-ct8fkp/node_modules/egg-logrotator/app/schedule/clean_log.js next time will execute after 47769138ms at 2022-10-01 00:00:00.000
2022-09-30 10:43:50,862 INFO 347 [Timer] /home/projects/webcontainer-egg-ct8fkp/node_modules/egg-logrotator/app/schedule/rotate_by_file.js next time will execute after 47770138ms at 2022-10-01 00:00:01.000
2022-09-30 10:45:11,716 INFO 351 [egg-schedule]: register schedule /home/projects/webcontainer-egg-ct8fkp/node_modules/egg-multipart/app/schedule/clean_tmpdir.js
2022-09-30 10:45:11,716 INFO 351 [egg-schedule]: register schedule /home/projects/webcontainer-egg-ct8fkp/node_modules/egg-logrotator/app/schedule/clean_log.js
2022-09-30 10:45:11,716 INFO 351 [egg-schedule]: register schedule /home/projects/webcontainer-egg-ct8fkp/node_modules/egg-logrotator/app/schedule/rotate_by_file.js
2022-09-30 10:45:13,178 INFO 351 [Timer] /home/projects/webcontainer-egg-ct8fkp/node_modules/egg-multipart/app/schedule/clean_tmpdir.js next time will execute after 63886824ms at 2022-10-01 04:30:00.002
2022-09-30 10:45:13,178 INFO 351 [Timer] /home/projects/webcontainer-egg-ct8fkp/node_modules/egg-logrotator/app/schedule/clean_log.js next time will execute after 47686822ms at 2022-10-01 00:00:00.000
2022-09-30 10:45:13,204 INFO 351 [Timer] /home/projects/webcontainer-egg-ct8fkp/node_modules/egg-logrotator/app/schedule/rotate_by_file.js next time will execute after 47687822ms at 2022-10-01 00:00:01.026
2022-09-30 10:45:51,211 INFO 355 [egg-schedule]: register schedule /home/projects/webcontainer-egg-ct8fkp/node_modules/egg-multipart/app/schedule/clean_tmpdir.js
2022-09-30 10:45:51,211 INFO 355 [egg-schedule]: register schedule /home/projects/webcontainer-egg-ct8fkp/node_modules/egg-logrotator/app/schedule/clean_log.js
2022-09-30 10:45:51,211 INFO 355 [egg-schedule]: register schedule /home/projects/webcontainer-egg-ct8fkp/node_modules/egg-logrotator/app/schedule/rotate_by_file.js
2022-09-30 10:45:52,974 INFO 355 [Timer] /home/projects/webcontainer-egg-ct8fkp/node_modules/egg-multipart/app/schedule/clean_tmpdir.js next time will execute after 63847028ms at 2022-10-01 04:30:00.002
2022-09-30 10:45:52,974 INFO 355 [Timer] /home/projects/webcontainer-egg-ct8fkp/node_modules/egg-logrotator/app/schedule/clean_log.js next time will execute after 47647026ms at 2022-10-01 00:00:00.000
2022-09-30 10:45:52,975 INFO 355 [Timer] /home/projects/webcontainer-egg-ct8fkp/node_modules/egg-logrotator/app/schedule/rotate_by_file.js next time will execute after 47648026ms at 2022-10-01 00:00:01.001
2022-09-30 10:46:15,980 INFO 359 [egg-schedule]: register schedule /home/projects/webcontainer-egg-ct8fkp/node_modules/egg-multipart/app/schedule/clean_tmpdir.js
2022-09-30 10:46:15,980 INFO 359 [egg-schedule]: register schedule /home/projects/webcontainer-egg-ct8fkp/node_modules/egg-logrotator/app/schedule/clean_log.js
2022-09-30 10:46:15,980 INFO 359 [egg-schedule]: register schedule /home/projects/webcontainer-egg-ct8fkp/node_modules/egg-logrotator/app/schedule/rotate_by_file.js
2022-09-30 10:46:17,291 INFO 359 [Timer] /home/projects/webcontainer-egg-ct8fkp/node_modules/egg-multipart/app/schedule/clean_tmpdir.js next time will execute after 63822712ms at 2022-10-01 04:30:00.003
2022-09-30 10:46:17,292 INFO 359 [Timer] /home/projects/webcontainer-egg-ct8fkp/node_modules/egg-logrotator/app/schedule/clean_log.js next time will execute after 47622708ms at 2022-10-01 00:00:00.000
2022-09-30 10:46:17,297 INFO 359 [Timer] /home/projects/webcontainer-egg-ct8fkp/node_modules/egg-logrotator/app/schedule/rotate_by_file.js next time will execute after 47623708ms at 2022-10-01 00:00:01.005
2022-09-30 10:46:36,024 INFO 363 [egg-schedule]: register schedule /home/projects/webcontainer-egg-ct8fkp/node_modules/egg-multipart/app/schedule/clean_tmpdir.js
2022-09-30 10:46:36,024 INFO 363 [egg-schedule]: register schedule /home/projects/webcontainer-egg-ct8fkp/node_modules/egg-logrotator/app/schedule/clean_log.js
2022-09-30 10:46:36,024 INFO 363 [egg-schedule]: register schedule /home/projects/webcontainer-egg-ct8fkp/node_modules/egg-logrotator/app/schedule/rotate_by_file.js
2022-09-30 10:46:37,280 INFO 363 [Timer] /home/projects/webcontainer-egg-ct8fkp/node_modules/egg-multipart/app/schedule/clean_tmpdir.js next time will execute after 63802728ms at 2022-10-01 04:30:00.008
2022-09-30 10:46:37,280 INFO 363 [Timer] /home/projects/webcontainer-egg-ct8fkp/node_modules/egg-logrotator/app/schedule/clean_log.js next time will execute after 47602720ms at 2022-10-01 00:00:00.000
2022-09-30 10:46:37,280 INFO 363 [Timer] /home/projects/webcontainer-egg-ct8fkp/node_modules/egg-logrotator/app/schedule/rotate_by_file.js next time will execute after 47603720ms at 2022-10-01 00:00:01.000
2022-09-30 10:48:17,198 INFO 367 [egg-schedule]: register schedule /home/projects/webcontainer-egg-ct8fkp/node_modules/egg-multipart/app/schedule/clean_tmpdir.js
2022-09-30 10:48:17,198 INFO 367 [egg-schedule]: register schedule /home/projects/webcontainer-egg-ct8fkp/node_modules/egg-logrotator/app/schedule/clean_log.js
2022-09-30 10:48:17,198 INFO 367 [egg-schedule]: register schedule /home/projects/webcontainer-egg-ct8fkp/node_modules/egg-logrotator/app/schedule/rotate_by_file.js
2022-09-30 10:48:18,343 INFO 367 [Timer] /home/projects/webcontainer-egg-ct8fkp/node_modules/egg-multipart/app/schedule/clean_tmpdir.js next time will execute after 63701672ms at 2022-10-01 04:30:00.015
2022-09-30 10:48:18,343 INFO 367 [Timer] /home/projects/webcontainer-egg-ct8fkp/node_modules/egg-logrotator/app/schedule/clean_log.js next time will execute after 47501657ms at 2022-10-01 00:00:00.000
2022-09-30 10:48:18,344 INFO 367 [Timer] /home/projects/webcontainer-egg-ct8fkp/node_modules/egg-logrotator/app/schedule/rotate_by_file.js next time will execute after 47502657ms at 2022-10-01 00:00:01.001
2022-09-30 10:50:04,591 INFO 371 [egg-schedule]: register schedule /home/projects/webcontainer-egg-ct8fkp/node_modules/egg-multipart/app/schedule/clean_tmpdir.js
2022-09-30 10:50:04,591 INFO 371 [egg-schedule]: register schedule /home/projects/webcontainer-egg-ct8fkp/node_modules/egg-logrotator/app/schedule/clean_log.js
2022-09-30 10:50:04,591 INFO 371 [egg-schedule]: register schedule /home/projects/webcontainer-egg-ct8fkp/node_modules/egg-logrotator/app/schedule/rotate_by_file.js
2022-09-30 10:50:06,450 INFO 371 [Timer] /home/projects/webcontainer-egg-ct8fkp/node_modules/egg-multipart/app/schedule/clean_tmpdir.js next time will execute after 63593553ms at 2022-10-01 04:30:00.003
2022-09-30 10:50:06,450 INFO 371 [Timer] /home/projects/webcontainer-egg-ct8fkp/node_modules/egg-logrotator/app/schedule/clean_log.js next time will execute after 47393550ms at 2022-10-01 00:00:00.000
2022-09-30 10:50:06,450 INFO 371 [Timer] /home/projects/webcontainer-egg-ct8fkp/node_modules/egg-logrotator/app/schedule/rotate_by_file.js next time will execute after 47394550ms at 2022-10-01 00:00:01.000
2022-09-30 10:50:32,997 INFO 375 [egg-schedule]: register schedule /home/projects/webcontainer-egg-ct8fkp/node_modules/egg-multipart/app/schedule/clean_tmpdir.js
2022-09-30 10:50:32,997 INFO 375 [egg-schedule]: register schedule /home/projects/webcontainer-egg-ct8fkp/node_modules/egg-logrotator/app/schedule/clean_log.js
2022-09-30 10:50:32,997 INFO 375 [egg-schedule]: register schedule /home/projects/webcontainer-egg-ct8fkp/node_modules/egg-logrotator/app/schedule/rotate_by_file.js
2022-09-30 10:50:34,401 INFO 375 [Timer] /home/projects/webcontainer-egg-ct8fkp/node_modules/egg-multipart/app/schedule/clean_tmpdir.js next time will execute after 63565602ms at 2022-10-01 04:30:00.003
2022-09-30 10:50:34,401 INFO 375 [Timer] /home/projects/webcontainer-egg-ct8fkp/node_modules/egg-logrotator/app/schedule/clean_log.js next time will execute after 47365599ms at 2022-10-01 00:00:00.000
2022-09-30 10:50:34,402 INFO 375 [Timer] /home/projects/webcontainer-egg-ct8fkp/node_modules/egg-logrotator/app/schedule/rotate_by_file.js next time will execute after 47366599ms at 2022-10-01 00:00:01.001
2022-09-30 10:51:57,355 INFO 379 [egg-schedule]: register schedule /home/projects/webcontainer-egg-ct8fkp/node_modules/egg-multipart/app/schedule/clean_tmpdir.js
2022-09-30 10:51:57,355 INFO 379 [egg-schedule]: register schedule /home/projects/webcontainer-egg-ct8fkp/node_modules/egg-logrotator/app/schedule/clean_log.js
2022-09-30 10:51:57,355 INFO 379 [egg-schedule]: register schedule /home/projects/webcontainer-egg-ct8fkp/node_modules/egg-logrotator/app/schedule/rotate_by_file.js
2022-09-30 10:51:58,643 INFO 379 [Timer] /home/projects/webcontainer-egg-ct8fkp/node_modules/egg-multipart/app/schedule/clean_tmpdir.js next time will execute after 63481359ms at 2022-10-01 04:30:00.002
2022-09-30 10:51:58,643 INFO 379 [Timer] /home/projects/webcontainer-egg-ct8fkp/node_modules/egg-logrotator/app/schedule/clean_log.js next time will execute after 47281357ms at 2022-10-01 00:00:00.000
2022-09-30 10:51:58,644 INFO 379 [Timer] /home/projects/webcontainer-egg-ct8fkp/node_modules/egg-logrotator/app/schedule/rotate_by_file.js next time will execute after 47282357ms at 2022-10-01 00:00:01.001
2022-09-30 12:49:52,136 INFO 383 [egg-schedule]: register schedule /home/projects/webcontainer-egg-ct8fkp/node_modules/egg-multipart/app/schedule/clean_tmpdir.js
2022-09-30 12:49:52,136 INFO 383 [egg-schedule]: register schedule /home/projects/webcontainer-egg-ct8fkp/node_modules/egg-logrotator/app/schedule/clean_log.js
2022-09-30 12:49:52,136 INFO 383 [egg-schedule]: register schedule /home/projects/webcontainer-egg-ct8fkp/node_modules/egg-logrotator/app/schedule/rotate_by_file.js
2022-09-30 12:49:53,662 INFO 383 [Timer] /home/projects/webcontainer-egg-ct8fkp/node_modules/egg-multipart/app/schedule/clean_tmpdir.js next time will execute after 56406340ms at 2022-10-01 04:30:00.002
2022-09-30 12:49:53,663 INFO 383 [Timer] /home/projects/webcontainer-egg-ct8fkp/node_modules/egg-logrotator/app/schedule/clean_log.js next time will execute after 40206338ms at 2022-10-01 00:00:00.001
2022-09-30 12:49:53,663 INFO 383 [Timer] /home/projects/webcontainer-egg-ct8fkp/node_modules/egg-logrotator/app/schedule/rotate_by_file.js next time will execute after 40207337ms at 2022-10-01 00:00:01.000
2022-09-30 12:50:34,670 INFO 387 [egg-schedule]: register schedule /home/projects/webcontainer-egg-ct8fkp/node_modules/egg-multipart/app/schedule/clean_tmpdir.js
2022-09-30 12:50:34,670 INFO 387 [egg-schedule]: register schedule /home/projects/webcontainer-egg-ct8fkp/node_modules/egg-logrotator/app/schedule/clean_log.js
2022-09-30 12:50:34,670 INFO 387 [egg-schedule]: register schedule /home/projects/webcontainer-egg-ct8fkp/node_modules/egg-logrotator/app/schedule/rotate_by_file.js
2022-09-30 12:50:36,324 INFO 387 [Timer] /home/projects/webcontainer-egg-ct8fkp/node_modules/egg-multipart/app/schedule/clean_tmpdir.js next time will execute after 56363678ms at 2022-10-01 04:30:00.002
2022-09-30 12:50:36,324 INFO 387 [Timer] /home/projects/webcontainer-egg-ct8fkp/node_modules/egg-logrotator/app/schedule/clean_log.js next time will execute after 40163676ms at 2022-10-01 00:00:00.000
2022-09-30 12:50:36,324 INFO 387 [Timer] /home/projects/webcontainer-egg-ct8fkp/node_modules/egg-logrotator/app/schedule/rotate_by_file.js next time will execute after 40164676ms at 2022-10-01 00:00:01.000
2022-09-30 12:54:18,348 INFO 391 [egg-schedule]: register schedule /home/projects/webcontainer-egg-ct8fkp/node_modules/egg-multipart/app/schedule/clean_tmpdir.js
2022-09-30 12:54:18,348 INFO 391 [egg-schedule]: register schedule /home/projects/webcontainer-egg-ct8fkp/node_modules/egg-logrotator/app/schedule/clean_log.js
2022-09-30 12:54:18,348 INFO 391 [egg-schedule]: register schedule /home/projects/webcontainer-egg-ct8fkp/node_modules/egg-logrotator/app/schedule/rotate_by_file.js
2022-09-30 12:54:19,765 INFO 391 [Timer] /home/projects/webcontainer-egg-ct8fkp/node_modules/egg-multipart/app/schedule/clean_tmpdir.js next time will execute after 56140237ms at 2022-10-01 04:30:00.002
2022-09-30 12:54:19,766 INFO 391 [Timer] /home/projects/webcontainer-egg-ct8fkp/node_modules/egg-logrotator/app/schedule/clean_log.js next time will execute after 39940234ms at 2022-10-01 00:00:00.000
2022-09-30 12:54:19,766 INFO 391 [Timer] /home/projects/webcontainer-egg-ct8fkp/node_modules/egg-logrotator/app/schedule/rotate_by_file.js next time will execute after 39941234ms at 2022-10-01 00:00:01.000
2022-09-30 12:54:40,545 INFO 395 [egg-schedule]: register schedule /home/projects/webcontainer-egg-ct8fkp/node_modules/egg-multipart/app/schedule/clean_tmpdir.js
2022-09-30 12:54:40,545 INFO 395 [egg-schedule]: register schedule /home/projects/webcontainer-egg-ct8fkp/node_modules/egg-logrotator/app/schedule/clean_log.js
2022-09-30 12:54:40,545 INFO 395 [egg-schedule]: register schedule /home/projects/webcontainer-egg-ct8fkp/node_modules/egg-logrotator/app/schedule/rotate_by_file.js
2022-09-30 12:54:41,449 INFO 395 [Timer] /home/projects/webcontainer-egg-ct8fkp/node_modules/egg-multipart/app/schedule/clean_tmpdir.js next time will execute after 56118554ms at 2022-10-01 04:30:00.003
2022-09-30 12:54:41,449 INFO 395 [Timer] /home/projects/webcontainer-egg-ct8fkp/node_modules/egg-logrotator/app/schedule/clean_log.js next time will execute after 39918551ms at 2022-10-01 00:00:00.000
2022-09-30 12:54:41,449 INFO 395 [Timer] /home/projects/webcontainer-egg-ct8fkp/node_modules/egg-logrotator/app/schedule/rotate_by_file.js next time will execute after 39919551ms at 2022-10-01 00:00:01.000
2022-09-30 12:55:12,368 INFO 399 [egg-schedule]: register schedule /home/projects/webcontainer-egg-ct8fkp/node_modules/egg-multipart/app/schedule/clean_tmpdir.js
2022-09-30 12:55:12,368 INFO 399 [egg-schedule]: register schedule /home/projects/webcontainer-egg-ct8fkp/node_modules/egg-logrotator/app/schedule/clean_log.js
2022-09-30 12:55:12,368 INFO 399 [egg-schedule]: register schedule /home/projects/webcontainer-egg-ct8fkp/node_modules/egg-logrotator/app/schedule/rotate_by_file.js
2022-09-30 12:55:13,271 INFO 399 [Timer] /home/projects/webcontainer-egg-ct8fkp/node_modules/egg-multipart/app/schedule/clean_tmpdir.js next time will execute after 56086731ms at 2022-10-01 04:30:00.002
2022-09-30 12:55:13,271 INFO 399 [Timer] /home/projects/webcontainer-egg-ct8fkp/node_modules/egg-logrotator/app/schedule/clean_log.js next time will execute after 39886729ms at 2022-10-01 00:00:00.000
2022-09-30 12:55:13,272 INFO 399 [Timer] /home/projects/webcontainer-egg-ct8fkp/node_modules/egg-logrotator/app/schedule/rotate_by_file.js next time will execute after 39887729ms at 2022-10-01 00:00:01.001
2022-09-30 12:56:17,021 INFO 403 [egg-schedule]: register schedule /home/projects/webcontainer-egg-ct8fkp/node_modules/egg-multipart/app/schedule/clean_tmpdir.js
2022-09-30 12:56:17,021 INFO 403 [egg-schedule]: register schedule /home/projects/webcontainer-egg-ct8fkp/node_modules/egg-logrotator/app/schedule/clean_log.js
2022-09-30 12:56:17,021 INFO 403 [egg-schedule]: register schedule /home/projects/webcontainer-egg-ct8fkp/node_modules/egg-logrotator/app/schedule/rotate_by_file.js
2022-09-30 12:56:18,006 INFO 403 [Timer] /home/projects/webcontainer-egg-ct8fkp/node_modules/egg-multipart/app/schedule/clean_tmpdir.js next time will execute after 56022007ms at 2022-10-01 04:30:00.013
2022-09-30 12:56:18,006 INFO 403 [Timer] /home/projects/webcontainer-egg-ct8fkp/node_modules/egg-logrotator/app/schedule/clean_log.js next time will execute after 39821994ms at 2022-10-01 00:00:00.000
2022-09-30 12:56:18,007 INFO 403 [Timer] /home/projects/webcontainer-egg-ct8fkp/node_modules/egg-logrotator/app/schedule/rotate_by_file.js next time will execute after 39822994ms at 2022-10-01 00:00:01.001
2022-09-30 12:57:31,232 INFO 407 [egg-schedule]: register schedule /home/projects/webcontainer-egg-ct8fkp/node_modules/egg-multipart/app/schedule/clean_tmpdir.js
2022-09-30 12:57:31,232 INFO 407 [egg-schedule]: register schedule /home/projects/webcontainer-egg-ct8fkp/node_modules/egg-logrotator/app/schedule/clean_log.js
2022-09-30 12:57:31,232 INFO 407 [egg-schedule]: register schedule /home/projects/webcontainer-egg-ct8fkp/node_modules/egg-logrotator/app/schedule/rotate_by_file.js
2022-09-30 12:57:32,220 INFO 407 [Timer] /home/projects/webcontainer-egg-ct8fkp/node_modules/egg-multipart/app/schedule/clean_tmpdir.js next time will execute after 55947782ms at 2022-10-01 04:30:00.002
2022-09-30 12:57:32,221 INFO 407 [Timer] /home/projects/webcontainer-egg-ct8fkp/node_modules/egg-logrotator/app/schedule/clean_log.js next time will execute after 39747780ms at 2022-10-01 00:00:00.001
2022-09-30 12:57:32,221 INFO 407 [Timer] /home/projects/webcontainer-egg-ct8fkp/node_modules/egg-logrotator/app/schedule/rotate_by_file.js next time will execute after 39748779ms at 2022-10-01 00:00:01.000
2022-09-30 12:58:01,950 INFO 411 [egg-schedule]: register schedule /home/projects/webcontainer-egg-ct8fkp/node_modules/egg-multipart/app/schedule/clean_tmpdir.js
2022-09-30 12:58:01,950 INFO 411 [egg-schedule]: register schedule /home/projects/webcontainer-egg-ct8fkp/node_modules/egg-logrotator/app/schedule/clean_log.js
2022-09-30 12:58:01,950 INFO 411 [egg-schedule]: register schedule /home/projects/webcontainer-egg-ct8fkp/node_modules/egg-logrotator/app/schedule/rotate_by_file.js
2022-09-30 12:58:03,189 INFO 411 [Timer] /home/projects/webcontainer-egg-ct8fkp/node_modules/egg-multipart/app/schedule/clean_tmpdir.js next time will execute after 55916814ms at 2022-10-01 04:30:00.003
2022-09-30 12:58:03,190 INFO 411 [Timer] /home/projects/webcontainer-egg-ct8fkp/node_modules/egg-logrotator/app/schedule/clean_log.js next time will execute after 39716811ms at 2022-10-01 00:00:00.001
2022-09-30 12:58:03,190 INFO 411 [Timer] /home/projects/webcontainer-egg-ct8fkp/node_modules/egg-logrotator/app/schedule/rotate_by_file.js next time will execute after 39717810ms at 2022-10-01 00:00:01.000
2022-09-30 12:58:37,305 INFO 415 [egg-schedule]: register schedule /home/projects/webcontainer-egg-ct8fkp/node_modules/egg-multipart/app/schedule/clean_tmpdir.js
2022-09-30 12:58:37,305 INFO 415 [egg-schedule]: register schedule /home/projects/webcontainer-egg-ct8fkp/node_modules/egg-logrotator/app/schedule/clean_log.js
2022-09-30 12:58:37,305 INFO 415 [egg-schedule]: register schedule /home/projects/webcontainer-egg-ct8fkp/node_modules/egg-logrotator/app/schedule/rotate_by_file.js
2022-09-30 12:58:38,258 INFO 415 [Timer] /home/projects/webcontainer-egg-ct8fkp/node_modules/egg-multipart/app/schedule/clean_tmpdir.js next time will execute after 55881745ms at 2022-10-01 04:30:00.003
2022-09-30 12:58:38,258 INFO 415 [Timer] /home/projects/webcontainer-egg-ct8fkp/node_modules/egg-logrotator/app/schedule/clean_log.js next time will execute after 39681742ms at 2022-10-01 00:00:00.000
2022-09-30 12:58:38,259 INFO 415 [Timer] /home/projects/webcontainer-egg-ct8fkp/node_modules/egg-logrotator/app/schedule/rotate_by_file.js next time will execute after 39682742ms at 2022-10-01 00:00:01.001
2022-09-30 12:59:43,521 INFO 419 [egg-schedule]: register schedule /home/projects/webcontainer-egg-ct8fkp/node_modules/egg-multipart/app/schedule/clean_tmpdir.js
2022-09-30 12:59:43,521 INFO 419 [egg-schedule]: register schedule /home/projects/webcontainer-egg-ct8fkp/node_modules/egg-logrotator/app/schedule/clean_log.js
2022-09-30 12:59:43,521 INFO 419 [egg-schedule]: register schedule /home/projects/webcontainer-egg-ct8fkp/node_modules/egg-logrotator/app/schedule/rotate_by_file.js
2022-09-30 12:59:44,837 INFO 419 [Timer] /home/projects/webcontainer-egg-ct8fkp/node_modules/egg-multipart/app/schedule/clean_tmpdir.js next time will execute after 55815166ms at 2022-10-01 04:30:00.003
2022-09-30 12:59:44,837 INFO 419 [Timer] /home/projects/webcontainer-egg-ct8fkp/node_modules/egg-logrotator/app/schedule/clean_log.js next time will execute after 39615163ms at 2022-10-01 00:00:00.000
2022-09-30 12:59:44,837 INFO 419 [Timer] /home/projects/webcontainer-egg-ct8fkp/node_modules/egg-logrotator/app/schedule/rotate_by_file.js next time will execute after 39616163ms at 2022-10-01 00:00:01.000
2022-09-30 13:00:44,616 INFO 423 [egg-schedule]: register schedule /home/projects/webcontainer-egg-ct8fkp/node_modules/egg-multipart/app/schedule/clean_tmpdir.js
2022-09-30 13:00:44,616 INFO 423 [egg-schedule]: register schedule /home/projects/webcontainer-egg-ct8fkp/node_modules/egg-logrotator/app/schedule/clean_log.js
2022-09-30 13:00:44,616 INFO 423 [egg-schedule]: register schedule /home/projects/webcontainer-egg-ct8fkp/node_modules/egg-logrotator/app/schedule/rotate_by_file.js
2022-09-30 13:00:45,674 INFO 423 [Timer] /home/projects/webcontainer-egg-ct8fkp/node_modules/egg-multipart/app/schedule/clean_tmpdir.js next time will execute after 55754328ms at 2022-10-01 04:30:00.002
2022-09-30 13:00:45,675 INFO 423 [Timer] /home/projects/webcontainer-egg-ct8fkp/node_modules/egg-logrotator/app/schedule/clean_log.js next time will execute after 39554325ms at 2022-10-01 00:00:00.000
2022-09-30 13:00:45,675 INFO 423 [Timer] /home/projects/webcontainer-egg-ct8fkp/node_modules/egg-logrotator/app/schedule/rotate_by_file.js next time will execute after 39555325ms at 2022-10-01 00:00:01.000
2022-09-30 13:04:13,011 INFO 427 [egg-schedule]: register schedule /home/projects/webcontainer-egg-ct8fkp/node_modules/egg-multipart/app/schedule/clean_tmpdir.js
2022-09-30 13:04:13,011 INFO 427 [egg-schedule]: register schedule /home/projects/webcontainer-egg-ct8fkp/node_modules/egg-logrotator/app/schedule/clean_log.js
2022-09-30 13:04:13,011 INFO 427 [egg-schedule]: register schedule /home/projects/webcontainer-egg-ct8fkp/node_modules/egg-logrotator/app/schedule/rotate_by_file.js
2022-09-30 13:04:14,698 INFO 427 [Timer] /home/projects/webcontainer-egg-ct8fkp/node_modules/egg-multipart/app/schedule/clean_tmpdir.js next time will execute after 55545304ms at 2022-10-01 04:30:00.002
2022-09-30 13:04:14,699 INFO 427 [Timer] /home/projects/webcontainer-egg-ct8fkp/node_modules/egg-logrotator/app/schedule/clean_log.js next time will execute after 39345302ms at 2022-10-01 00:00:00.001
2022-09-30 13:04:14,699 INFO 427 [Timer] /home/projects/webcontainer-egg-ct8fkp/node_modules/egg-logrotator/app/schedule/rotate_by_file.js next time will execute after 39346301ms at 2022-10-01 00:00:01.000
2022-09-30 13:04:43,851 INFO 431 [egg-schedule]: register schedule /home/projects/webcontainer-egg-ct8fkp/node_modules/egg-multipart/app/schedule/clean_tmpdir.js
2022-09-30 13:04:43,851 INFO 431 [egg-schedule]: register schedule /home/projects/webcontainer-egg-ct8fkp/node_modules/egg-logrotator/app/schedule/clean_log.js
2022-09-30 13:04:43,851 INFO 431 [egg-schedule]: register schedule /home/projects/webcontainer-egg-ct8fkp/node_modules/egg-logrotator/app/schedule/rotate_by_file.js
2022-09-30 13:04:45,094 INFO 431 [Timer] /home/projects/webcontainer-egg-ct8fkp/node_modules/egg-multipart/app/schedule/clean_tmpdir.js next time will execute after 55514909ms at 2022-10-01 04:30:00.003
2022-09-30 13:04:45,094 INFO 431 [Timer] /home/projects/webcontainer-egg-ct8fkp/node_modules/egg-logrotator/app/schedule/clean_log.js next time will execute after 39314906ms at 2022-10-01 00:00:00.000
2022-09-30 13:04:45,094 INFO 431 [Timer] /home/projects/webcontainer-egg-ct8fkp/node_modules/egg-logrotator/app/schedule/rotate_by_file.js next time will execute after 39315906ms at 2022-10-01 00:00:01.000
2022-09-30 13:05:29,047 INFO 435 [egg-schedule]: register schedule /home/projects/webcontainer-egg-ct8fkp/node_modules/egg-multipart/app/schedule/clean_tmpdir.js
2022-09-30 13:05:29,047 INFO 435 [egg-schedule]: register schedule /home/projects/webcontainer-egg-ct8fkp/node_modules/egg-logrotator/app/schedule/clean_log.js
2022-09-30 13:05:29,047 INFO 435 [egg-schedule]: register schedule /home/projects/webcontainer-egg-ct8fkp/node_modules/egg-logrotator/app/schedule/rotate_by_file.js
2022-09-30 13:05:30,635 INFO 435 [Timer] /home/projects/webcontainer-egg-ct8fkp/node_modules/egg-multipart/app/schedule/clean_tmpdir.js next time will execute after 55469369ms at 2022-10-01 04:30:00.004
2022-09-30 13:05:30,636 INFO 435 [Timer] /home/projects/webcontainer-egg-ct8fkp/node_modules/egg-logrotator/app/schedule/clean_log.js next time will execute after 39269364ms at 2022-10-01 00:00:00.000
2022-09-30 13:05:30,636 INFO 435 [Timer] /home/projects/webcontainer-egg-ct8fkp/node_modules/egg-logrotator/app/schedule/rotate_by_file.js next time will execute after 39270364ms at 2022-10-01 00:00:01.000
2022-09-30 13:05:49,936 INFO 439 [egg-schedule]: register schedule /home/projects/webcontainer-egg-ct8fkp/node_modules/egg-multipart/app/schedule/clean_tmpdir.js
2022-09-30 13:05:49,936 INFO 439 [egg-schedule]: register schedule /home/projects/webcontainer-egg-ct8fkp/node_modules/egg-logrotator/app/schedule/clean_log.js
2022-09-30 13:05:49,936 INFO 439 [egg-schedule]: register schedule /home/projects/webcontainer-egg-ct8fkp/node_modules/egg-logrotator/app/schedule/rotate_by_file.js
2022-09-30 13:05:50,780 INFO 439 [Timer] /home/projects/webcontainer-egg-ct8fkp/node_modules/egg-multipart/app/schedule/clean_tmpdir.js next time will execute after 55449240ms at 2022-10-01 04:30:00.020
2022-09-30 13:05:50,780 INFO 439 [Timer] /home/projects/webcontainer-egg-ct8fkp/node_modules/egg-logrotator/app/schedule/clean_log.js next time will execute after 39249220ms at 2022-10-01 00:00:00.000
2022-09-30 13:05:50,781 INFO 439 [Timer] /home/projects/webcontainer-egg-ct8fkp/node_modules/egg-logrotator/app/schedule/rotate_by_file.js next time will execute after 39250220ms at 2022-10-01 00:00:01.001
2022-09-30 13:06:33,649 INFO 443 [egg-schedule]: register schedule /home/projects/webcontainer-egg-ct8fkp/node_modules/egg-multipart/app/schedule/clean_tmpdir.js
2022-09-30 13:06:33,649 INFO 443 [egg-schedule]: register schedule /home/projects/webcontainer-egg-ct8fkp/node_modules/egg-logrotator/app/schedule/clean_log.js
2022-09-30 13:06:33,649 INFO 443 [egg-schedule]: register schedule /home/projects/webcontainer-egg-ct8fkp/node_modules/egg-logrotator/app/schedule/rotate_by_file.js
2022-09-30 13:06:34,883 INFO 443 [Timer] /home/projects/webcontainer-egg-ct8fkp/node_modules/egg-multipart/app/schedule/clean_tmpdir.js next time will execute after 55405119ms at 2022-10-01 04:30:00.002
2022-09-30 13:06:34,883 INFO 443 [Timer] /home/projects/webcontainer-egg-ct8fkp/node_modules/egg-logrotator/app/schedule/clean_log.js next time will execute after 39205117ms at 2022-10-01 00:00:00.000
2022-09-30 13:06:34,883 INFO 443 [Timer] /home/projects/webcontainer-egg-ct8fkp/node_modules/egg-logrotator/app/schedule/rotate_by_file.js next time will execute after 39206117ms at 2022-10-01 00:00:01.000
2022-09-30 13:07:37,437 INFO 447 [egg-schedule]: register schedule /home/projects/webcontainer-egg-ct8fkp/node_modules/egg-multipart/app/schedule/clean_tmpdir.js
2022-09-30 13:07:37,437 INFO 447 [egg-schedule]: register schedule /home/projects/webcontainer-egg-ct8fkp/node_modules/egg-logrotator/app/schedule/clean_log.js
2022-09-30 13:07:37,437 INFO 447 [egg-schedule]: register schedule /home/projects/webcontainer-egg-ct8fkp/node_modules/egg-logrotator/app/schedule/rotate_by_file.js
2022-09-30 13:07:38,288 INFO 447 [Timer] /home/projects/webcontainer-egg-ct8fkp/node_modules/egg-multipart/app/schedule/clean_tmpdir.js next time will execute after 55341715ms at 2022-10-01 04:30:00.003
2022-09-30 13:07:38,288 INFO 447 [Timer] /home/projects/webcontainer-egg-ct8fkp/node_modules/egg-logrotator/app/schedule/clean_log.js next time will execute after 39141712ms at 2022-10-01 00:00:00.000
2022-09-30 13:07:38,288 INFO 447 [Timer] /home/projects/webcontainer-egg-ct8fkp/node_modules/egg-logrotator/app/schedule/rotate_by_file.js next time will execute after 39142712ms at 2022-10-01 00:00:01.000
2022-09-30 13:07:57,489 INFO 451 [egg-schedule]: register schedule /home/projects/webcontainer-egg-ct8fkp/node_modules/egg-multipart/app/schedule/clean_tmpdir.js
2022-09-30 13:07:57,489 INFO 451 [egg-schedule]: register schedule /home/projects/webcontainer-egg-ct8fkp/node_modules/egg-logrotator/app/schedule/clean_log.js
2022-09-30 13:07:57,489 INFO 451 [egg-schedule]: register schedule /home/projects/webcontainer-egg-ct8fkp/node_modules/egg-logrotator/app/schedule/rotate_by_file.js
2022-09-30 13:07:58,897 INFO 451 [Timer] /home/projects/webcontainer-egg-ct8fkp/node_modules/egg-multipart/app/schedule/clean_tmpdir.js next time will execute after 55321105ms at 2022-10-01 04:30:00.002
2022-09-30 13:07:58,898 INFO 451 [Timer] /home/projects/webcontainer-egg-ct8fkp/node_modules/egg-logrotator/app/schedule/clean_log.js next time will execute after 39121103ms at 2022-10-01 00:00:00.001
2022-09-30 13:07:58,898 INFO 451 [Timer] /home/projects/webcontainer-egg-ct8fkp/node_modules/egg-logrotator/app/schedule/rotate_by_file.js next time will execute after 39122102ms at 2022-10-01 00:00:01.000
2022-09-30 13:09:23,533 INFO 455 [egg-schedule]: register schedule /home/projects/webcontainer-egg-ct8fkp/node_modules/egg-multipart/app/schedule/clean_tmpdir.js
2022-09-30 13:09:23,533 INFO 455 [egg-schedule]: register schedule /home/projects/webcontainer-egg-ct8fkp/node_modules/egg-logrotator/app/schedule/clean_log.js
2022-09-30 13:09:23,533 INFO 455 [egg-schedule]: register schedule /home/projects/webcontainer-egg-ct8fkp/node_modules/egg-logrotator/app/schedule/rotate_by_file.js
2022-09-30 13:09:24,520 INFO 455 [Timer] /home/projects/webcontainer-egg-ct8fkp/node_modules/egg-multipart/app/schedule/clean_tmpdir.js next time will execute after 55235482ms at 2022-10-01 04:30:00.002
2022-09-30 13:09:24,521 INFO 455 [Timer] /home/projects/webcontainer-egg-ct8fkp/node_modules/egg-logrotator/app/schedule/clean_log.js next time will execute after 39035480ms at 2022-10-01 00:00:00.001
2022-09-30 13:09:24,521 INFO 455 [Timer] /home/projects/webcontainer-egg-ct8fkp/node_modules/egg-logrotator/app/schedule/rotate_by_file.js next time will execute after 39036479ms at 2022-10-01 00:00:01.000
2022-09-30 13:09:54,615 INFO 459 [egg-schedule]: register schedule /home/projects/webcontainer-egg-ct8fkp/node_modules/egg-multipart/app/schedule/clean_tmpdir.js
2022-09-30 13:09:54,615 INFO 459 [egg-schedule]: register schedule /home/projects/webcontainer-egg-ct8fkp/node_modules/egg-logrotator/app/schedule/clean_log.js
2022-09-30 13:09:54,615 INFO 459 [egg-schedule]: register schedule /home/projects/webcontainer-egg-ct8fkp/node_modules/egg-logrotator/app/schedule/rotate_by_file.js
2022-09-30 13:09:55,557 INFO 459 [Timer] /home/projects/webcontainer-egg-ct8fkp/node_modules/egg-multipart/app/schedule/clean_tmpdir.js next time will execute after 55204445ms at 2022-10-01 04:30:00.002
2022-09-30 13:09:55,557 INFO 459 [Timer] /home/projects/webcontainer-egg-ct8fkp/node_modules/egg-logrotator/app/schedule/clean_log.js next time will execute after 39004443ms at 2022-10-01 00:00:00.000
2022-09-30 13:09:55,557 INFO 459 [Timer] /home/projects/webcontainer-egg-ct8fkp/node_modules/egg-logrotator/app/schedule/rotate_by_file.js next time will execute after 39005443ms at 2022-10-01 00:00:01.000
2022-09-30 13:10:23,710 INFO 463 [egg-schedule]: register schedule /home/projects/webcontainer-egg-ct8fkp/node_modules/egg-multipart/app/schedule/clean_tmpdir.js
2022-09-30 13:10:23,710 INFO 463 [egg-schedule]: register schedule /home/projects/webcontainer-egg-ct8fkp/node_modules/egg-logrotator/app/schedule/clean_log.js
2022-09-30 13:10:23,710 INFO 463 [egg-schedule]: register schedule /home/projects/webcontainer-egg-ct8fkp/node_modules/egg-logrotator/app/schedule/rotate_by_file.js
2022-09-30 13:10:25,127 INFO 463 [Timer] /home/projects/webcontainer-egg-ct8fkp/node_modules/egg-multipart/app/schedule/clean_tmpdir.js next time will execute after 55174877ms at 2022-10-01 04:30:00.004
2022-09-30 13:10:25,128 INFO 463 [Timer] /home/projects/webcontainer-egg-ct8fkp/node_modules/egg-logrotator/app/schedule/clean_log.js next time will execute after 38974873ms at 2022-10-01 00:00:00.001
2022-09-30 13:10:25,128 INFO 463 [Timer] /home/projects/webcontainer-egg-ct8fkp/node_modules/egg-logrotator/app/schedule/rotate_by_file.js next time will execute after 38975872ms at 2022-10-01 00:00:01.000
2022-09-30 13:10:48,798 INFO 467 [egg-schedule]: register schedule /home/projects/webcontainer-egg-ct8fkp/node_modules/egg-multipart/app/schedule/clean_tmpdir.js
2022-09-30 13:10:48,798 INFO 467 [egg-schedule]: register schedule /home/projects/webcontainer-egg-ct8fkp/node_modules/egg-logrotator/app/schedule/clean_log.js
2022-09-30 13:10:48,798 INFO 467 [egg-schedule]: register schedule /home/projects/webcontainer-egg-ct8fkp/node_modules/egg-logrotator/app/schedule/rotate_by_file.js
2022-09-30 13:10:50,165 INFO 467 [Timer] /home/projects/webcontainer-egg-ct8fkp/node_modules/egg-multipart/app/schedule/clean_tmpdir.js next time will execute after 55149838ms at 2022-10-01 04:30:00.003
2022-09-30 13:10:50,165 INFO 467 [Timer] /home/projects/webcontainer-egg-ct8fkp/node_modules/egg-logrotator/app/schedule/clean_log.js next time will execute after 38949835ms at 2022-10-01 00:00:00.000
2022-09-30 13:10:50,165 INFO 467 [Timer] /home/projects/webcontainer-egg-ct8fkp/node_modules/egg-logrotator/app/schedule/rotate_by_file.js next time will execute after 38950835ms at 2022-10-01 00:00:01.000
2022-09-30 13:11:17,691 INFO 471 [egg-schedule]: register schedule /home/projects/webcontainer-egg-ct8fkp/node_modules/egg-multipart/app/schedule/clean_tmpdir.js
2022-09-30 13:11:17,691 INFO 471 [egg-schedule]: register schedule /home/projects/webcontainer-egg-ct8fkp/node_modules/egg-logrotator/app/schedule/clean_log.js
2022-09-30 13:11:17,691 INFO 471 [egg-schedule]: register schedule /home/projects/webcontainer-egg-ct8fkp/node_modules/egg-logrotator/app/schedule/rotate_by_file.js
2022-09-30 13:11:18,607 INFO 471 [Timer] /home/projects/webcontainer-egg-ct8fkp/node_modules/egg-multipart/app/schedule/clean_tmpdir.js next time will execute after 55121395ms at 2022-10-01 04:30:00.002
2022-09-30 13:11:18,608 INFO 471 [Timer] /home/projects/webcontainer-egg-ct8fkp/node_modules/egg-logrotator/app/schedule/clean_log.js next time will execute after 38921392ms at 2022-10-01 00:00:00.000
2022-09-30 13:11:18,608 INFO 471 [Timer] /home/projects/webcontainer-egg-ct8fkp/node_modules/egg-logrotator/app/schedule/rotate_by_file.js next time will execute after 38922392ms at 2022-10-01 00:00:01.000
