2022-10-11 09:39:56,195 ERROR 67 [-/undefined/-/7ms GET /] nodejs.InternalServerError: 参数异常
    at Object.throw (/home/projects/webcontainer-egg-ct8fkp/node_modules/koa/lib/context.js:97:11)
    at HomeController.index (/home/projects/webcontainer-egg-ct8fkp/app/controller/home.js:14:19)
    at Object.callFn (/home/projects/webcontainer-egg-ct8fkp/node_modules/egg-core/lib/utils/index.js:44:21)
    at Object.classControllerMiddleware (/home/projects/webcontainer-egg-ct8fkp/node_modules/egg-core/lib/loader/mixin/controller.js:87:20)
    at Object.callFn (/home/projects/webcontainer-egg-ct8fkp/node_modules/@eggjs/router/lib/utils.js:12:21)
    at wrappedController (/home/projects/webcontainer-egg-ct8fkp/node_modules/@eggjs/router/lib/egg_router.js:322:18)
    at dispatch (/home/projects/webcontainer-egg-ct8fkp/node_modules/koa-compose/index.js:44:32)
    at next (/home/projects/webcontainer-egg-ct8fkp/node_modules/koa-compose/index.js:45:18)
    at eval (/home/projects/webcontainer-egg-ct8fkp/node_modules/@eggjs/router/lib/router.js:186:18)
    at dispatch (/home/projects/webcontainer-egg-ct8fkp/node_modules/koa-compose/index.js:44:32)
message: "参数异常"
pid: 67
hostname: webcontainer-egg-ct8fkp

2022-10-11 09:40:24,155 ERROR 67 [-/undefined/-/2ms GET /] nodejs.InternalServerError: 参数异常
    at Object.throw (/home/projects/webcontainer-egg-ct8fkp/node_modules/koa/lib/context.js:97:11)
    at HomeController.index (/home/projects/webcontainer-egg-ct8fkp/app/controller/home.js:14:19)
    at Object.callFn (/home/projects/webcontainer-egg-ct8fkp/node_modules/egg-core/lib/utils/index.js:44:21)
    at Object.classControllerMiddleware (/home/projects/webcontainer-egg-ct8fkp/node_modules/egg-core/lib/loader/mixin/controller.js:87:20)
    at Object.callFn (/home/projects/webcontainer-egg-ct8fkp/node_modules/@eggjs/router/lib/utils.js:12:21)
    at wrappedController (/home/projects/webcontainer-egg-ct8fkp/node_modules/@eggjs/router/lib/egg_router.js:322:18)
    at dispatch (/home/projects/webcontainer-egg-ct8fkp/node_modules/koa-compose/index.js:44:32)
    at next (/home/projects/webcontainer-egg-ct8fkp/node_modules/koa-compose/index.js:45:18)
    at eval (/home/projects/webcontainer-egg-ct8fkp/node_modules/@eggjs/router/lib/router.js:186:18)
    at dispatch (/home/projects/webcontainer-egg-ct8fkp/node_modules/koa-compose/index.js:44:32)
message: "参数异常"
pid: 67
hostname: webcontainer-egg-ct8fkp

2022-10-11 09:40:31,198 ERROR 67 [-/undefined/-/2ms GET /] nodejs.InternalServerError: 参数异常
    at Object.throw (/home/projects/webcontainer-egg-ct8fkp/node_modules/koa/lib/context.js:97:11)
    at HomeController.index (/home/projects/webcontainer-egg-ct8fkp/app/controller/home.js:14:19)
    at Object.callFn (/home/projects/webcontainer-egg-ct8fkp/node_modules/egg-core/lib/utils/index.js:44:21)
    at Object.classControllerMiddleware (/home/projects/webcontainer-egg-ct8fkp/node_modules/egg-core/lib/loader/mixin/controller.js:87:20)
    at Object.callFn (/home/projects/webcontainer-egg-ct8fkp/node_modules/@eggjs/router/lib/utils.js:12:21)
    at wrappedController (/home/projects/webcontainer-egg-ct8fkp/node_modules/@eggjs/router/lib/egg_router.js:322:18)
    at dispatch (/home/projects/webcontainer-egg-ct8fkp/node_modules/koa-compose/index.js:44:32)
    at next (/home/projects/webcontainer-egg-ct8fkp/node_modules/koa-compose/index.js:45:18)
    at eval (/home/projects/webcontainer-egg-ct8fkp/node_modules/@eggjs/router/lib/router.js:186:18)
    at dispatch (/home/projects/webcontainer-egg-ct8fkp/node_modules/koa-compose/index.js:44:32)
message: "参数异常"
pid: 67
hostname: webcontainer-egg-ct8fkp

2022-10-11 09:44:11,238 ERROR 71 [-/undefined/-/27ms GET /] nodejs.InternalServerError: 参数异常
    at Object.throw (/home/projects/webcontainer-egg-ct8fkp/node_modules/koa/lib/context.js:97:11)
    at HomeController.index (/home/projects/webcontainer-egg-ct8fkp/app/controller/home.js:14:19)
    at Object.callFn (/home/projects/webcontainer-egg-ct8fkp/node_modules/egg-core/lib/utils/index.js:44:21)
    at Object.classControllerMiddleware (/home/projects/webcontainer-egg-ct8fkp/node_modules/egg-core/lib/loader/mixin/controller.js:87:20)
    at Object.callFn (/home/projects/webcontainer-egg-ct8fkp/node_modules/@eggjs/router/lib/utils.js:12:21)
    at wrappedController (/home/projects/webcontainer-egg-ct8fkp/node_modules/@eggjs/router/lib/egg_router.js:322:18)
    at dispatch (/home/projects/webcontainer-egg-ct8fkp/node_modules/koa-compose/index.js:44:32)
    at next (/home/projects/webcontainer-egg-ct8fkp/node_modules/koa-compose/index.js:45:18)
    at eval (/home/projects/webcontainer-egg-ct8fkp/node_modules/@eggjs/router/lib/router.js:186:18)
    at dispatch (/home/projects/webcontainer-egg-ct8fkp/node_modules/koa-compose/index.js:44:32)
message: "参数异常"
pid: 71
hostname: webcontainer-egg-ct8fkp

2022-10-11 09:45:34,313 ERROR 75 [-/undefined/-/9ms GET /] nodejs.InternalServerError: 参数异常
    at Object.throw (/home/projects/webcontainer-egg-ct8fkp/node_modules/koa/lib/context.js:97:11)
    at HomeController.index (/home/projects/webcontainer-egg-ct8fkp/app/controller/home.js:14:19)
    at Object.callFn (/home/projects/webcontainer-egg-ct8fkp/node_modules/egg-core/lib/utils/index.js:44:21)
    at Object.classControllerMiddleware (/home/projects/webcontainer-egg-ct8fkp/node_modules/egg-core/lib/loader/mixin/controller.js:87:20)
    at Object.callFn (/home/projects/webcontainer-egg-ct8fkp/node_modules/@eggjs/router/lib/utils.js:12:21)
    at wrappedController (/home/projects/webcontainer-egg-ct8fkp/node_modules/@eggjs/router/lib/egg_router.js:322:18)
    at dispatch (/home/projects/webcontainer-egg-ct8fkp/node_modules/koa-compose/index.js:44:32)
    at next (/home/projects/webcontainer-egg-ct8fkp/node_modules/koa-compose/index.js:45:18)
    at eval (/home/projects/webcontainer-egg-ct8fkp/node_modules/@eggjs/router/lib/router.js:186:18)
    at dispatch (/home/projects/webcontainer-egg-ct8fkp/node_modules/koa-compose/index.js:44:32)
message: "参数异常"
pid: 75
hostname: webcontainer-egg-ct8fkp

2022-10-11 09:46:07,913 ERROR 79 [-/undefined/-/15ms GET /] nodejs.InternalServerError: 参数异常
    at Object.throw (/home/projects/webcontainer-egg-ct8fkp/node_modules/koa/lib/context.js:97:11)
    at HomeController.index (/home/projects/webcontainer-egg-ct8fkp/app/controller/home.js:14:19)
    at Object.callFn (/home/projects/webcontainer-egg-ct8fkp/node_modules/egg-core/lib/utils/index.js:44:21)
    at Object.classControllerMiddleware (/home/projects/webcontainer-egg-ct8fkp/node_modules/egg-core/lib/loader/mixin/controller.js:87:20)
    at Object.callFn (/home/projects/webcontainer-egg-ct8fkp/node_modules/@eggjs/router/lib/utils.js:12:21)
    at wrappedController (/home/projects/webcontainer-egg-ct8fkp/node_modules/@eggjs/router/lib/egg_router.js:322:18)
    at dispatch (/home/projects/webcontainer-egg-ct8fkp/node_modules/koa-compose/index.js:44:32)
    at next (/home/projects/webcontainer-egg-ct8fkp/node_modules/koa-compose/index.js:45:18)
    at eval (/home/projects/webcontainer-egg-ct8fkp/node_modules/@eggjs/router/lib/router.js:186:18)
    at dispatch (/home/projects/webcontainer-egg-ct8fkp/node_modules/koa-compose/index.js:44:32)
message: "参数异常"
pid: 79
hostname: webcontainer-egg-ct8fkp

2022-10-11 09:49:08,030 ERROR 83 [-/undefined/-/7ms GET /] nodejs.InternalServerError: 参数异常
    at Object.throw (/home/projects/webcontainer-egg-ct8fkp/node_modules/koa/lib/context.js:97:11)
    at HomeController.index (/home/projects/webcontainer-egg-ct8fkp/app/controller/home.js:14:19)
    at Object.callFn (/home/projects/webcontainer-egg-ct8fkp/node_modules/egg-core/lib/utils/index.js:44:21)
    at Object.classControllerMiddleware (/home/projects/webcontainer-egg-ct8fkp/node_modules/egg-core/lib/loader/mixin/controller.js:87:20)
    at Object.callFn (/home/projects/webcontainer-egg-ct8fkp/node_modules/@eggjs/router/lib/utils.js:12:21)
    at wrappedController (/home/projects/webcontainer-egg-ct8fkp/node_modules/@eggjs/router/lib/egg_router.js:322:18)
    at dispatch (/home/projects/webcontainer-egg-ct8fkp/node_modules/koa-compose/index.js:44:32)
    at next (/home/projects/webcontainer-egg-ct8fkp/node_modules/koa-compose/index.js:45:18)
    at eval (/home/projects/webcontainer-egg-ct8fkp/node_modules/@eggjs/router/lib/router.js:186:18)
    at dispatch (/home/projects/webcontainer-egg-ct8fkp/node_modules/koa-compose/index.js:44:32)
message: "参数异常"
pid: 83
hostname: webcontainer-egg-ct8fkp

2022-10-11 09:57:53,916 ERROR 95 [-/undefined/-/7ms GET /] nodejs.InternalServerError: close fast buy
    at Object.throw (/home/projects/webcontainer-egg-ct8fkp/node_modules/koa/lib/context.js:97:11)
    at HomeController.index (/home/projects/webcontainer-egg-ct8fkp/app/controller/home.js:14:19)
    at Object.callFn (/home/projects/webcontainer-egg-ct8fkp/node_modules/egg-core/lib/utils/index.js:44:21)
    at Object.classControllerMiddleware (/home/projects/webcontainer-egg-ct8fkp/node_modules/egg-core/lib/loader/mixin/controller.js:87:20)
    at Object.callFn (/home/projects/webcontainer-egg-ct8fkp/node_modules/@eggjs/router/lib/utils.js:12:21)
    at wrappedController (/home/projects/webcontainer-egg-ct8fkp/node_modules/@eggjs/router/lib/egg_router.js:322:18)
    at dispatch (/home/projects/webcontainer-egg-ct8fkp/node_modules/koa-compose/index.js:44:32)
    at next (/home/projects/webcontainer-egg-ct8fkp/node_modules/koa-compose/index.js:45:18)
    at eval (/home/projects/webcontainer-egg-ct8fkp/node_modules/@eggjs/router/lib/router.js:186:18)
    at dispatch (/home/projects/webcontainer-egg-ct8fkp/node_modules/koa-compose/index.js:44:32)
message: "close fast buy"
pid: 95
hostname: webcontainer-egg-ct8fkp

2022-10-12 10:30:46,107 ERROR 22 [-/undefined/-/2508ms GET /] nodejs.ReferenceError: ethers is not defined
    at HomeService.seaportFunction (/home/projects/webcontainer-egg-ct8fkp/app/service/home.js:50:21)
    at async HomeService.getOpenseaData (/home/projects/webcontainer-egg-ct8fkp/app/service/home.js:31:12)
    at async HomeController.index (/home/projects/webcontainer-egg-ct8fkp/app/controller/home.js:18:18)
    at async errrorHanlder (/home/projects/webcontainer-egg-ct8fkp/app/middleware/error_hanlder.js:4:7)
    at async eval (/home/projects/webcontainer-egg-ct8fkp/node_modules/egg-development/app/middleware/egg_loader_trace.js:9:50)
    at async xssProtection (/home/projects/webcontainer-egg-ct8fkp/node_modules/egg-security/lib/middlewares/xssProtection.js:7:5)
    at async nosniff (/home/projects/webcontainer-egg-ct8fkp/node_modules/egg-security/lib/middlewares/nosniff.js:8:5)
    at async noopen (/home/projects/webcontainer-egg-ct8fkp/node_modules/egg-security/lib/middlewares/noopen.js:8:5)
    at async session (/home/projects/webcontainer-egg-ct8fkp/node_modules/koa-session/index.js:41:7)
    at async bodyParser (/home/projects/webcontainer-egg-ct8fkp/node_modules/koa-bodyparser/index.js:95:5)

pid: 22
hostname: webcontainer-egg-ct8fkp

2022-10-12 10:31:16,899 ERROR 26 [-/undefined/-/2288ms GET /] nodejs.TypeError: Cannot read properties of undefined (reading 'formatEther')
    at HomeService.seaportFunction (/home/projects/webcontainer-egg-ct8fkp/app/service/home.js:50:41)
    at async HomeService.getOpenseaData (/home/projects/webcontainer-egg-ct8fkp/app/service/home.js:31:12)
    at async HomeController.index (/home/projects/webcontainer-egg-ct8fkp/app/controller/home.js:18:18)
    at async errrorHanlder (/home/projects/webcontainer-egg-ct8fkp/app/middleware/error_hanlder.js:4:7)
    at async eval (/home/projects/webcontainer-egg-ct8fkp/node_modules/egg-development/app/middleware/egg_loader_trace.js:9:50)
    at async xssProtection (/home/projects/webcontainer-egg-ct8fkp/node_modules/egg-security/lib/middlewares/xssProtection.js:7:5)
    at async nosniff (/home/projects/webcontainer-egg-ct8fkp/node_modules/egg-security/lib/middlewares/nosniff.js:8:5)
    at async noopen (/home/projects/webcontainer-egg-ct8fkp/node_modules/egg-security/lib/middlewares/noopen.js:8:5)
    at async session (/home/projects/webcontainer-egg-ct8fkp/node_modules/koa-session/index.js:41:7)
    at async bodyParser (/home/projects/webcontainer-egg-ct8fkp/node_modules/koa-bodyparser/index.js:95:5)

pid: 26
hostname: webcontainer-egg-ct8fkp

2022-10-12 11:02:36,837 ERROR 82 [-/undefined/-/2815ms GET /] nodejs.INVALID_ARGUMENTError: invalid BigNumber value (argument="value", value=undefined, code=INVALID_ARGUMENT, version=bignumber/5.7.0)
    at Logger.makeError (/home/projects/webcontainer-egg-ct8fkp/node_modules/@ethersproject/logger/lib/index.js:238:21)
    at Logger.throwError (/home/projects/webcontainer-egg-ct8fkp/node_modules/@ethersproject/logger/lib/index.js:247:20)
    at Logger.throwArgumentError (/home/projects/webcontainer-egg-ct8fkp/node_modules/@ethersproject/logger/lib/index.js:250:21)
    at BigNumber.from (/home/projects/webcontainer-egg-ct8fkp/node_modules/@ethersproject/bignumber/lib/bignumber.js:239:23)
    at formatFixed (/home/projects/webcontainer-egg-ct8fkp/node_modules/@ethersproject/bignumber/lib/fixednumber.js:43:35)
    at formatUnits (/home/projects/webcontainer-egg-ct8fkp/node_modules/@ethersproject/units/lib/index.js:67:40)
    at Object.formatEther (/home/projects/webcontainer-egg-ct8fkp/node_modules/@ethersproject/units/lib/index.js:84:12)
    at HomeService.seaportFunction (/home/projects/webcontainer-egg-ct8fkp/app/service/home.js:52:27)
    at async HomeService.getOpenseaData (/home/projects/webcontainer-egg-ct8fkp/app/service/home.js:32:12)
    at async HomeController.index (/home/projects/webcontainer-egg-ct8fkp/app/controller/home.js:18:18)
reason: "invalid BigNumber value"
code: "INVALID_ARGUMENT"
argument: "value"
value: undefined
name: "INVALID_ARGUMENTError"
pid: 82
hostname: webcontainer-egg-ct8fkp

